#
# There is insufficient memory for the Java Runtime Environment to continue.
# Native memory allocation (mmap) failed to map 63963136 bytes for committing reserved memory.
# Possible reasons:
#   The system is out of physical RAM or swap space
#   In 32 bit mode, the process size limit was hit
# Possible solutions:
#   Reduce memory load on the system
#   Increase physical memory or swap space
#   Check if swap backing store is full
#   Use 64 bit Java on a 64 bit OS
#   Decrease Java heap size (-Xmx/-Xms)
#   Decrease number of Java threads
#   Decrease Java thread stack sizes (-Xss)
#   Set larger code cache with -XX:ReservedCodeCacheSize=
# This output file may be truncated or incomplete.
#
#  Out of Memory Error (os_linux.cpp:2640), pid=21524, tid=0x00007fba80bb1700
#
# JRE version: Java(TM) SE Runtime Environment (8.0_131-b11) (build 1.8.0_131-b11)
# Java VM: Java HotSpot(TM) 64-Bit Server VM (25.131-b11 mixed mode linux-amd64 compressed oops)
# Failed to write core dump. Core dumps have been disabled. To enable core dumping, try "ulimit -c unlimited" before starting Java again
#

---------------  T H R E A D  ---------------

Current thread (0x00007fba9807c800):  VMThread [stack: 0x00007fba80ab1000,0x00007fba80bb2000] [id=21547]

Stack: [0x00007fba80ab1000,0x00007fba80bb2000],  sp=0x00007fba80bb0380,  free space=1020k
Native frames: (J=compiled Java code, j=interpreted, Vv=VM code, C=native code)
V  [libjvm.so+0xac826a]  VMError::report_and_die()+0x2ba
V  [libjvm.so+0x4fd4cb]  report_vm_out_of_memory(char const*, int, unsigned long, VMErrorType, char const*)+0x8b
V  [libjvm.so+0x924f53]  os::Linux::commit_memory_impl(char*, unsigned long, bool)+0x103
V  [libjvm.so+0x9254a9]  os::pd_commit_memory(char*, unsigned long, unsigned long, bool)+0x29
V  [libjvm.so+0x91f6ca]  os::commit_memory(char*, unsigned long, unsigned long, bool)+0x2a
V  [libjvm.so+0x9941e3]  PSVirtualSpace::expand_by(unsigned long)+0x53
V  [libjvm.so+0x984aa0]  PSOldGen::expand(unsigned long)+0x170
V  [libjvm.so+0x984cab]  PSOldGen::resize(unsigned long)+0x1cb
V  [libjvm.so+0x98c9b1]  PSParallelCompact::invoke_no_policy(bool)+0x991
V  [libjvm.so+0x98cca3]  PSParallelCompact::invoke(bool)+0x63
V  [libjvm.so+0x483f14]  CollectedHeap::collect_as_vm_thread(GCCause::Cause)+0x114
V  [libjvm.so+0xac96e1]  VM_CollectForMetadataAllocation::doit()+0x161
V  [libjvm.so+0xad1765]  VM_Operation::evaluate()+0x55
V  [libjvm.so+0xacfb3a]  VMThread::evaluate_operation(VM_Operation*)+0xba
V  [libjvm.so+0xacfebe]  VMThread::loop()+0x1ce
V  [libjvm.so+0xad0330]  VMThread::run()+0x70
V  [libjvm.so+0x927568]  java_start(Thread*)+0x108

VM_Operation (0x00007fba9f26f760): CollectForMetadataAllocation, mode: safepoint, requested by thread 0x00007fba9800e800


---------------  P R O C E S S  ---------------

Java Threads: ( => current thread )
  0x00007fba99491000 JavaThread "ForkJoinPool-1-worker-5" daemon [_thread_blocked, id=21568, stack(0x00007fba79ede000,0x00007fba79fdf000)]
  0x00007fba9945d000 JavaThread "NonBlockingInputStreamThread" daemon [_thread_blocked, id=21567, stack(0x00007fba7a1df000,0x00007fba7a2e0000)]
  0x00007fba9945b800 JavaThread "process reaper" daemon [_thread_blocked, id=21557, stack(0x00007fba7a2e0000,0x00007fba7a319000)]
  0x00007fba980cd800 JavaThread "Service Thread" daemon [_thread_blocked, id=21554, stack(0x00007fba800cf000,0x00007fba801d0000)]
  0x00007fba980c2800 JavaThread "C1 CompilerThread2" daemon [_thread_blocked, id=21553, stack(0x00007fba801d0000,0x00007fba802d1000)]
  0x00007fba980c0800 JavaThread "C2 CompilerThread1" daemon [_thread_blocked, id=21552, stack(0x00007fba802d1000,0x00007fba803d2000)]
  0x00007fba980bd800 JavaThread "C2 CompilerThread0" daemon [_thread_blocked, id=21551, stack(0x00007fba803d2000,0x00007fba804d3000)]
  0x00007fba980bc000 JavaThread "Signal Dispatcher" daemon [_thread_blocked, id=21550, stack(0x00007fba804d3000,0x00007fba805d4000)]
  0x00007fba98088800 JavaThread "Finalizer" daemon [_thread_blocked, id=21549, stack(0x00007fba808af000,0x00007fba809b0000)]
  0x00007fba98084000 JavaThread "Reference Handler" daemon [_thread_blocked, id=21548, stack(0x00007fba809b0000,0x00007fba80ab1000)]
  0x00007fba9800e800 JavaThread "main" [_thread_blocked, id=21542, stack(0x00007fba9f174000,0x00007fba9f275000)]

Other Threads:
=>0x00007fba9807c800 VMThread [stack: 0x00007fba80ab1000,0x00007fba80bb2000] [id=21547]
  0x00007fba980d4800 WatcherThread [stack: 0x00007fba7beff000,0x00007fba7c000000] [id=21555]

VM state:at safepoint (normal execution)

VM Mutex/Monitor currently owned by a thread:  ([mutex/lock_event])
[0x00007fba9800a5b0] ExpandHeap_lock - owner thread: 0x00007fba9807c800
[0x00007fba9800ac30] Threads_lock - owner thread: 0x00007fba9807c800
[0x00007fba9800b130] Heap_lock - owner thread: 0x00007fba9800e800

Heap:
 PSYoungGen      total 102400K, used 0K [0x00000000eab00000, 0x00000000f4280000, 0x0000000100000000)
  eden space 66560K, 0% used [0x00000000eab00000,0x00000000eab00000,0x00000000eec00000)
  from space 35840K, 0% used [0x00000000f1480000,0x00000000f1480000,0x00000000f3780000)
  to   space 41472K, 0% used [0x00000000eec00000,0x00000000eec00000,0x00000000f1480000)
 ParOldGen       total 130048K, used 109418K [0x00000000c0000000, 0x00000000c7f00000, 0x00000000eab00000)
  object space 130048K, 84% used [0x00000000c0000000,0x00000000c6adaa80,0x00000000c7f00000)
 Metaspace       used 44817K, capacity 44999K, committed 45184K, reserved 1087488K
  class space    used 6436K, capacity 6508K, committed 6528K, reserved 1048576K

Card table byte_map: [0x00007fba9c0db000,0x00007fba9c2dc000] byte_map_base: 0x00007fba9badb000

Marking Bits: (ParMarkBitMap*) 0x00007fba9e647f60
 Begin Bits: [0x00007fba82000000, 0x00007fba83000000)
 End Bits:   [0x00007fba83000000, 0x00007fba84000000)

Polling page: 0x00007fba9f295000

CodeCache: size=245760Kb used=19585Kb max_used=19659Kb free=226174Kb
 bounds [0x00007fba89000000, 0x00007fba8a380000, 0x00007fba98000000]
 total_blobs=5839 nmethods=5420 adapters=326
 compilation: enabled

Compilation events (10 events):
Event: 33.314 Thread 0x00007fba980c2800 6575       3       scala.tools.nsc.backend.icode.BasicBlocks$BasicBlock::setFlag (11 bytes)
Event: 33.314 Thread 0x00007fba980c2800 nmethod 6575 0x00007fba89662bd0 code [0x00007fba89662d20, 0x00007fba89662e70]
Event: 33.314 Thread 0x00007fba980c2800 6582       1       scala.tools.nsc.backend.jvm.GenASM$JPlainBuilder$LineNumberEntry$3::start (5 bytes)
Event: 33.314 Thread 0x00007fba980c2800 nmethod 6582 0x00007fba89484450 code [0x00007fba894845a0, 0x00007fba894846b0]
Event: 33.314 Thread 0x00007fba980c2800 6585       1       scala.tools.nsc.backend.icode.Linearizers$ReversePostOrderLinearizer::blocks (5 bytes)
Event: 33.314 Thread 0x00007fba980c2800 nmethod 6585 0x00007fba89484190 code [0x00007fba894842e0, 0x00007fba894843f0]
Event: 33.314 Thread 0x00007fba980c2800 6584       1       scala.tools.nsc.backend.jvm.GenASM$JPlainBuilder::method (5 bytes)
Event: 33.314 Thread 0x00007fba980c2800 nmethod 6584 0x00007fba89483ed0 code [0x00007fba89484020, 0x00007fba89484130]
Event: 33.314 Thread 0x00007fba980c2800 6586       1       scala.tools.nsc.backend.jvm.opt.InlineInfoAttribute::inlineInfo (5 bytes)
Event: 33.314 Thread 0x00007fba980c2800 nmethod 6586 0x00007fba89483c10 code [0x00007fba89483d60, 0x00007fba89483e70]

GC Heap History (10 events):
Event: 15.178 GC heap after
Heap after GC invocations=17 (full 3):
 PSYoungGen      total 89088K, used 10418K [0x00000000eab00000, 0x00000000f1f80000, 0x0000000100000000)
  eden space 65024K, 0% used [0x00000000eab00000,0x00000000eab00000,0x00000000eea80000)
  from space 24064K, 43% used [0x00000000f0800000,0x00000000f122cb48,0x00000000f1f80000)
  to   space 27136K, 0% used [0x00000000eea80000,0x00000000eea80000,0x00000000f0500000)
 ParOldGen       total 130048K, used 76624K [0x00000000c0000000, 0x00000000c7f00000, 0x00000000eab00000)
  object space 130048K, 58% used [0x00000000c0000000,0x00000000c4ad4278,0x00000000c7f00000)
 Metaspace       used 35061K, capacity 35201K, committed 35712K, reserved 1079296K
  class space    used 5049K, capacity 5122K, committed 5248K, reserved 1048576K
}
Event: 17.580 GC heap before
{Heap before GC invocations=18 (full 3):
 PSYoungGen      total 89088K, used 75442K [0x00000000eab00000, 0x00000000f1f80000, 0x0000000100000000)
  eden space 65024K, 100% used [0x00000000eab00000,0x00000000eea80000,0x00000000eea80000)
  from space 24064K, 43% used [0x00000000f0800000,0x00000000f122cb48,0x00000000f1f80000)
  to   space 27136K, 0% used [0x00000000eea80000,0x00000000eea80000,0x00000000f0500000)
 ParOldGen       total 130048K, used 76624K [0x00000000c0000000, 0x00000000c7f00000, 0x00000000eab00000)
  object space 130048K, 58% used [0x00000000c0000000,0x00000000c4ad4278,0x00000000c7f00000)
 Metaspace       used 39872K, capacity 40049K, committed 40448K, reserved 1083392K
  class space    used 5792K, capacity 5862K, committed 5888K, reserved 1048576K
Event: 17.603 GC heap after
Heap after GC invocations=18 (full 3):
 PSYoungGen      total 92160K, used 15793K [0x00000000eab00000, 0x00000000f2700000, 0x0000000100000000)
  eden space 65024K, 0% used [0x00000000eab00000,0x00000000eab00000,0x00000000eea80000)
  from space 27136K, 58% used [0x00000000eea80000,0x00000000ef9ec7f0,0x00000000f0500000)
  to   space 27648K, 0% used [0x00000000f0c00000,0x00000000f0c00000,0x00000000f2700000)
 ParOldGen       total 130048K, used 76632K [0x00000000c0000000, 0x00000000c7f00000, 0x00000000eab00000)
  object space 130048K, 58% used [0x00000000c0000000,0x00000000c4ad6278,0x00000000c7f00000)
 Metaspace       used 39872K, capacity 40049K, committed 40448K, reserved 1083392K
  class space    used 5792K, capacity 5862K, committed 5888K, reserved 1048576K
}
Event: 24.296 GC heap before
{Heap before GC invocations=19 (full 3):
 PSYoungGen      total 92160K, used 80817K [0x00000000eab00000, 0x00000000f2700000, 0x0000000100000000)
  eden space 65024K, 100% used [0x00000000eab00000,0x00000000eea80000,0x00000000eea80000)
  from space 27136K, 58% used [0x00000000eea80000,0x00000000ef9ec7f0,0x00000000f0500000)
  to   space 27648K, 0% used [0x00000000f0c00000,0x00000000f0c00000,0x00000000f2700000)
 ParOldGen       total 130048K, used 76632K [0x00000000c0000000, 0x00000000c7f00000, 0x00000000eab00000)
  object space 130048K, 58% used [0x00000000c0000000,0x00000000c4ad6278,0x00000000c7f00000)
 Metaspace       used 41186K, capacity 41367K, committed 41728K, reserved 1085440K
  class space    used 6007K, capacity 6088K, committed 6144K, reserved 1048576K
Event: 24.337 GC heap after
Heap after GC invocations=19 (full 3):
 PSYoungGen      total 96256K, used 24179K [0x00000000eab00000, 0x00000000f2c00000, 0x0000000100000000)
  eden space 68608K, 0% used [0x00000000eab00000,0x00000000eab00000,0x00000000eee00000)
  from space 27648K, 87% used [0x00000000f0c00000,0x00000000f239cd40,0x00000000f2700000)
  to   space 30720K, 0% used [0x00000000eee00000,0x00000000eee00000,0x00000000f0c00000)
 ParOldGen       total 130048K, used 76640K [0x00000000c0000000, 0x00000000c7f00000, 0x00000000eab00000)
  object space 130048K, 58% used [0x00000000c0000000,0x00000000c4ad8278,0x00000000c7f00000)
 Metaspace       used 41186K, capacity 41367K, committed 41728K, reserved 1085440K
  class space    used 6007K, capacity 6088K, committed 6144K, reserved 1048576K
}
Event: 29.849 GC heap before
{Heap before GC invocations=20 (full 3):
 PSYoungGen      total 96256K, used 92787K [0x00000000eab00000, 0x00000000f2c00000, 0x0000000100000000)
  eden space 68608K, 100% used [0x00000000eab00000,0x00000000eee00000,0x00000000eee00000)
  from space 27648K, 87% used [0x00000000f0c00000,0x00000000f239cd40,0x00000000f2700000)
  to   space 30720K, 0% used [0x00000000eee00000,0x00000000eee00000,0x00000000f0c00000)
 ParOldGen       total 130048K, used 76640K [0x00000000c0000000, 0x00000000c7f00000, 0x00000000eab00000)
  object space 130048K, 58% used [0x00000000c0000000,0x00000000c4ad8278,0x00000000c7f00000)
 Metaspace       used 43664K, capacity 43847K, committed 44160K, reserved 1087488K
  class space    used 6352K, capacity 6444K, committed 6528K, reserved 1048576K
Event: 29.887 GC heap after
Heap after GC invocations=20 (full 3):
 PSYoungGen      total 99328K, used 30671K [0x00000000eab00000, 0x00000000f3780000, 0x0000000100000000)
  eden space 68608K, 0% used [0x00000000eab00000,0x00000000eab00000,0x00000000eee00000)
  from space 30720K, 99% used [0x00000000eee00000,0x00000000f0bf3c78,0x00000000f0c00000)
  to   space 35840K, 0% used [0x00000000f1480000,0x00000000f1480000,0x00000000f3780000)
 ParOldGen       total 130048K, used 76648K [0x00000000c0000000, 0x00000000c7f00000, 0x00000000eab00000)
  object space 130048K, 58% used [0x00000000c0000000,0x00000000c4ada278,0x00000000c7f00000)
 Metaspace       used 43664K, capacity 43847K, committed 44160K, reserved 1087488K
  class space    used 6352K, capacity 6444K, committed 6528K, reserved 1048576K
}
Event: 33.338 GC heap before
{Heap before GC invocations=21 (full 3):
 PSYoungGen      total 99328K, used 80471K [0x00000000eab00000, 0x00000000f3780000, 0x0000000100000000)
  eden space 68608K, 72% used [0x00000000eab00000,0x00000000edba21b0,0x00000000eee00000)
  from space 30720K, 99% used [0x00000000eee00000,0x00000000f0bf3c78,0x00000000f0c00000)
  to   space 35840K, 0% used [0x00000000f1480000,0x00000000f1480000,0x00000000f3780000)
 ParOldGen       total 130048K, used 76648K [0x00000000c0000000, 0x00000000c7f00000, 0x00000000eab00000)
  object space 130048K, 58% used [0x00000000c0000000,0x00000000c4ada278,0x00000000c7f00000)
 Metaspace       used 44817K, capacity 44999K, committed 45184K, reserved 1087488K
  class space    used 6436K, capacity 6508K, committed 6528K, reserved 1048576K
Event: 33.406 GC heap after
Heap after GC invocations=21 (full 3):
 PSYoungGen      total 102400K, used 34998K [0x00000000eab00000, 0x00000000f4280000, 0x0000000100000000)
  eden space 66560K, 0% used [0x00000000eab00000,0x00000000eab00000,0x00000000eec00000)
  from space 35840K, 97% used [0x00000000f1480000,0x00000000f36ad9b8,0x00000000f3780000)
  to   space 41472K, 0% used [0x00000000eec00000,0x00000000eec00000,0x00000000f1480000)
 ParOldGen       total 130048K, used 76648K [0x00000000c0000000, 0x00000000c7f00000, 0x00000000eab00000)
  object space 130048K, 58% used [0x00000000c0000000,0x00000000c4ada278,0x00000000c7f00000)
 Metaspace       used 44817K, capacity 44999K, committed 45184K, reserved 1087488K
  class space    used 6436K, capacity 6508K, committed 6528K, reserved 1048576K
}
Event: 33.412 GC heap before
{Heap before GC invocations=22 (full 4):
 PSYoungGen      total 102400K, used 34998K [0x00000000eab00000, 0x00000000f4280000, 0x0000000100000000)
  eden space 66560K, 0% used [0x00000000eab00000,0x00000000eab00000,0x00000000eec00000)
  from space 35840K, 97% used [0x00000000f1480000,0x00000000f36ad9b8,0x00000000f3780000)
  to   space 41472K, 0% used [0x00000000eec00000,0x00000000eec00000,0x00000000f1480000)
 ParOldGen       total 130048K, used 76648K [0x00000000c0000000, 0x00000000c7f00000, 0x00000000eab00000)
  object space 130048K, 58% used [0x00000000c0000000,0x00000000c4ada278,0x00000000c7f00000)
 Metaspace       used 44817K, capacity 44999K, committed 45184K, reserved 1087488K
  class space    used 6436K, capacity 6508K, committed 6528K, reserved 1048576K

Deoptimization events (10 events):
Event: 32.508 Thread 0x00007fba9800e800 Uncommon trap: reason=class_check action=maybe_recompile pc=0x00007fba89fabb50 method=scala.reflect.internal.Symbols$Symbol.scala$reflect$internal$Symbols$Symbol$$qualifies$1(Lscala/reflect/internal/Symbols$Symbol;Lscala/reflect/internal/Types$Type;)Z @ 9
Event: 32.540 Thread 0x00007fba9800e800 Uncommon trap: reason=bimorphic action=maybe_recompile pc=0x00007fba899748a4 method=scala.collection.mutable.HashTable$class.scala$collection$mutable$HashTable$$findEntry0(Lscala/collection/mutable/HashTable;Ljava/lang/Object;I)Lscala/collection/mutable/H
Event: 32.546 Thread 0x00007fba9800e800 Uncommon trap: reason=bimorphic action=maybe_recompile pc=0x00007fba899748a4 method=scala.collection.mutable.HashTable$class.scala$collection$mutable$HashTable$$findEntry0(Lscala/collection/mutable/HashTable;Ljava/lang/Object;I)Lscala/collection/mutable/H
Event: 32.546 Thread 0x00007fba9800e800 Uncommon trap: reason=bimorphic action=maybe_recompile pc=0x00007fba89fc67dc method=scala.collection.mutable.HashTable$class.scala$collection$mutable$HashTable$$findEntry0(Lscala/collection/mutable/HashTable;Ljava/lang/Object;I)Lscala/collection/mutable/H
Event: 32.548 Thread 0x00007fba9800e800 Uncommon trap: reason=class_check action=maybe_recompile pc=0x00007fba89e69414 method=scala.reflect.internal.Symbols$ClassSymbol.owner()Lscala/reflect/internal/Symbols$Symbol; @ 11
Event: 32.548 Thread 0x00007fba9800e800 Uncommon trap: reason=class_check action=maybe_recompile pc=0x00007fba89e69414 method=scala.reflect.internal.Symbols$ClassSymbol.owner()Lscala/reflect/internal/Symbols$Symbol; @ 11
Event: 32.548 Thread 0x00007fba9800e800 Uncommon trap: reason=class_check action=maybe_recompile pc=0x00007fba89e69414 method=scala.reflect.internal.Symbols$ClassSymbol.owner()Lscala/reflect/internal/Symbols$Symbol; @ 11
Event: 32.548 Thread 0x00007fba9800e800 Uncommon trap: reason=class_check action=maybe_recompile pc=0x00007fba89e69414 method=scala.reflect.internal.Symbols$ClassSymbol.owner()Lscala/reflect/internal/Symbols$Symbol; @ 11
Event: 33.169 Thread 0x00007fba9800e800 Uncommon trap: reason=bimorphic action=maybe_recompile pc=0x00007fba89f11f6c method=scala.reflect.internal.tpe.TypeMaps$adaptToNewRunMap$.apply(Lscala/reflect/internal/Types$Type;)Lscala/reflect/internal/Types$Type; @ 32
Event: 33.211 Thread 0x00007fba9800e800 Uncommon trap: reason=bimorphic action=maybe_recompile pc=0x00007fba89f11f6c method=scala.reflect.internal.tpe.TypeMaps$adaptToNewRunMap$.apply(Lscala/reflect/internal/Types$Type;)Lscala/reflect/internal/Types$Type; @ 32

Internal exceptions (10 events):
Event: 22.237 Thread 0x00007fba99491000 Exception <a 'java/security/PrivilegedActionException'> (0x00000000ecb08cc0) thrown at [/HUDSON/workspace/8-2-build-linux-amd64/jdk8u131/8869/hotspot/src/share/vm/prims/jvm.cpp, line 1390]
Event: 22.237 Thread 0x00007fba99491000 Exception <a 'java/security/PrivilegedActionException'> (0x00000000ecb09b58) thrown at [/HUDSON/workspace/8-2-build-linux-amd64/jdk8u131/8869/hotspot/src/share/vm/prims/jvm.cpp, line 1390]
Event: 22.237 Thread 0x00007fba99491000 Exception <a 'java/security/PrivilegedActionException'> (0x00000000ecb09f50) thrown at [/HUDSON/workspace/8-2-build-linux-amd64/jdk8u131/8869/hotspot/src/share/vm/prims/jvm.cpp, line 1390]
Event: 22.237 Thread 0x00007fba99491000 Exception <a 'java/security/PrivilegedActionException'> (0x00000000ecb0ad98) thrown at [/HUDSON/workspace/8-2-build-linux-amd64/jdk8u131/8869/hotspot/src/share/vm/prims/jvm.cpp, line 1390]
Event: 22.237 Thread 0x00007fba99491000 Exception <a 'java/security/PrivilegedActionException'> (0x00000000ecb0b190) thrown at [/HUDSON/workspace/8-2-build-linux-amd64/jdk8u131/8869/hotspot/src/share/vm/prims/jvm.cpp, line 1390]
Event: 22.237 Thread 0x00007fba99491000 Exception <a 'java/security/PrivilegedActionException'> (0x00000000ecb0c028) thrown at [/HUDSON/workspace/8-2-build-linux-amd64/jdk8u131/8869/hotspot/src/share/vm/prims/jvm.cpp, line 1390]
Event: 22.237 Thread 0x00007fba99491000 Exception <a 'java/security/PrivilegedActionException'> (0x00000000ecb0c420) thrown at [/HUDSON/workspace/8-2-build-linux-amd64/jdk8u131/8869/hotspot/src/share/vm/prims/jvm.cpp, line 1390]
Event: 22.237 Thread 0x00007fba99491000 Exception <a 'java/security/PrivilegedActionException'> (0x00000000ecb0d2b8) thrown at [/HUDSON/workspace/8-2-build-linux-amd64/jdk8u131/8869/hotspot/src/share/vm/prims/jvm.cpp, line 1390]
Event: 22.237 Thread 0x00007fba99491000 Exception <a 'java/security/PrivilegedActionException'> (0x00000000ecb0d6b0) thrown at [/HUDSON/workspace/8-2-build-linux-amd64/jdk8u131/8869/hotspot/src/share/vm/prims/jvm.cpp, line 1390]
Event: 29.915 Thread 0x00007fba9800e800 Implicit null exception at 0x00007fba89f55078 to 0x00007fba89f554d9

Events (10 events):
Event: 33.211 Thread 0x00007fba9800e800 Uncommon trap: trap_request=0xffffffc6 fr.pc=0x00007fba89f11f6c
Event: 33.211 Thread 0x00007fba9800e800 DEOPT PACKING pc=0x00007fba89f11f6c sp=0x00007fba9f26d3d0
Event: 33.211 Thread 0x00007fba9800e800 DEOPT UNPACKING pc=0x00007fba89005229 sp=0x00007fba9f26d310 mode 2
Event: 33.232 Executing VM operation: RevokeBias
Event: 33.232 Executing VM operation: RevokeBias done
Event: 33.307 loading class $line3/$eval
Event: 33.307 loading class $line3/$eval done
Event: 33.318 loading class $line3/$eval$
Event: 33.318 loading class $line3/$eval$ done
Event: 33.338 Executing VM operation: CollectForMetadataAllocation


Dynamic libraries:
00400000-00401000 r-xp 00000000 08:02 3148948                            /usr/lib/jvm/java-8-oracle/bin/java
00600000-00601000 rw-p 00000000 08:02 3148948                            /usr/lib/jvm/java-8-oracle/bin/java
01247000-01268000 rw-p 00000000 00:00 0                                  [heap]
c0000000-c7f00000 rw-p 00000000 00:00 0 
cbc00000-eab00000 ---p 00000000 00:00 0 
eab00000-f4280000 rw-p 00000000 00:00 0 
f4280000-100000000 ---p 00000000 00:00 0 
100000000-100660000 rw-p 00000000 00:00 0 
100660000-140000000 ---p 00000000 00:00 0 
7fba3c000000-7fba3cdcc000 rw-p 00000000 00:00 0 
7fba3cdcc000-7fba40000000 ---p 00000000 00:00 0 
7fba44000000-7fba44021000 rw-p 00000000 00:00 0 
7fba44021000-7fba48000000 ---p 00000000 00:00 0 
7fba48000000-7fba48021000 rw-p 00000000 00:00 0 
7fba48021000-7fba4c000000 ---p 00000000 00:00 0 
7fba4c000000-7fba4c021000 rw-p 00000000 00:00 0 
7fba4c021000-7fba50000000 ---p 00000000 00:00 0 
7fba50000000-7fba50021000 rw-p 00000000 00:00 0 
7fba50021000-7fba54000000 ---p 00000000 00:00 0 
7fba54000000-7fba55d23000 rw-p 00000000 00:00 0 
7fba55d23000-7fba58000000 ---p 00000000 00:00 0 
7fba58000000-7fba58cce000 rw-p 00000000 00:00 0 
7fba58cce000-7fba5c000000 ---p 00000000 00:00 0 
7fba5c000000-7fba5c021000 rw-p 00000000 00:00 0 
7fba5c021000-7fba60000000 ---p 00000000 00:00 0 
7fba60000000-7fba61534000 rw-p 00000000 00:00 0 
7fba61534000-7fba64000000 ---p 00000000 00:00 0 
7fba64000000-7fba64021000 rw-p 00000000 00:00 0 
7fba64021000-7fba68000000 ---p 00000000 00:00 0 
7fba68000000-7fba68021000 rw-p 00000000 00:00 0 
7fba68021000-7fba6c000000 ---p 00000000 00:00 0 
7fba6c000000-7fba6c05d000 rw-p 00000000 00:00 0 
7fba6c05d000-7fba70000000 ---p 00000000 00:00 0 
7fba70000000-7fba702d0000 rw-p 00000000 00:00 0 
7fba702d0000-7fba74000000 ---p 00000000 00:00 0 
7fba74000000-7fba74021000 rw-p 00000000 00:00 0 
7fba74021000-7fba78000000 ---p 00000000 00:00 0 
7fba78c55000-7fba78e15000 rw-p 00000000 00:00 0 
7fba78e15000-7fba78e55000 ---p 00000000 00:00 0 
7fba78e55000-7fba79055000 rw-p 00000000 00:00 0 
7fba79055000-7fba79255000 rw-p 00000000 00:00 0 
7fba79255000-7fba79455000 rw-p 00000000 00:00 0 
7fba79455000-7fba79655000 rw-p 00000000 00:00 0 
7fba79655000-7fba79855000 rw-p 00000000 00:00 0 
7fba79855000-7fba79a55000 rw-p 00000000 00:00 0 
7fba79a55000-7fba79c55000 rw-p 00000000 00:00 0 
7fba79c55000-7fba79c68000 r--s 00345000 08:02 3803737                    /usr/lib/jvm/java-8-oracle/jre/lib/resources.jar
7fba79dea000-7fba79dec000 r--s 00009000 08:02 3803753                    /usr/lib/jvm/java-8-oracle/jre/lib/ext/sunec.jar
7fba79dec000-7fba79ded000 r--s 0000a000 08:02 3803757                    /usr/lib/jvm/java-8-oracle/jre/lib/ext/jaccess.jar
7fba79ded000-7fba79dee000 r--s 00010000 08:02 3803759                    /usr/lib/jvm/java-8-oracle/jre/lib/ext/zipfs.jar
7fba79dee000-7fba79e84000 r--s 0110d000 08:02 3803756                    /usr/lib/jvm/java-8-oracle/jre/lib/ext/jfxrt.jar
7fba79e84000-7fba79e86000 r--s 00001000 08:02 3803754                    /usr/lib/jvm/java-8-oracle/jre/lib/ext/dnsns.jar
7fba79e86000-7fba79ea1000 r--s 001d3000 08:02 3803758                    /usr/lib/jvm/java-8-oracle/jre/lib/ext/nashorn.jar
7fba79ea1000-7fba79ea7000 r--s 0003f000 08:02 3803763                    /usr/lib/jvm/java-8-oracle/jre/lib/ext/sunjce_provider.jar
7fba79ea7000-7fba79eb1000 r--s 00116000 08:02 3803762                    /usr/lib/jvm/java-8-oracle/jre/lib/ext/localedata.jar
7fba79eb1000-7fba79ecd000 r--s 00393000 08:02 3803755                    /usr/lib/jvm/java-8-oracle/jre/lib/ext/cldrdata.jar
7fba79ecd000-7fba79ed1000 r--s 0003a000 08:02 3803760                    /usr/lib/jvm/java-8-oracle/jre/lib/ext/sunpkcs11.jar
7fba79ed1000-7fba79ed6000 r--s 00084000 08:02 3803616                    /usr/lib/jvm/java-8-oracle/jre/lib/jfr.jar
7fba79ed6000-7fba79edb000 r--s 002f9000 08:02 3803697                    /usr/lib/jvm/java-8-oracle/jre/lib/charsets.jar
7fba79edb000-7fba79ede000 r--s 0001a000 08:02 3803777                    /usr/lib/jvm/java-8-oracle/jre/lib/jce.jar
7fba79ede000-7fba79ee1000 ---p 00000000 00:00 0 
7fba79ee1000-7fba7a1df000 rw-p 00000000 00:00 0 
7fba7a1df000-7fba7a1e2000 ---p 00000000 00:00 0 
7fba7a1e2000-7fba7a2e0000 rw-p 00000000 00:00 0 
7fba7a2e0000-7fba7a2e3000 ---p 00000000 00:00 0 
7fba7a2e3000-7fba7a519000 rw-p 00000000 00:00 0 
7fba7a519000-7fba7a719000 rw-p 00000000 00:00 0 
7fba7a719000-7fba7a919000 rw-p 00000000 00:00 0 
7fba7a919000-7fba7a91e000 r--s 00031000 08:02 18747177                   /home/sam/.ivy2/jars/com.databricks_spark-xml_2.11-0.4.1.jar
7fba7a91e000-7fba7a937000 r--s 00152000 08:02 17447211                   /home/sam/work/p2/jars/htrace-core-3.2.0-incubating.jar
7fba7a937000-7fba7a943000 r--s 000b7000 08:02 22151304                   /home/sam/work/p2/jars/zookeeper.jar
7fba7a943000-7fba7a946000 r--s 0001a000 08:02 22151305                   /home/sam/work/p2/jars/hbase-hadoop2-compat.jar
7fba7a946000-7fba7a987000 r--s 00476000 08:02 22151301                   /home/sam/work/p2/jars/hbase-protocol.jar
7fba7a987000-7fba7a99a000 r--s 00143000 08:02 22151300                   /home/sam/work/p2/jars/hbase-client.jar
7fba7a99a000-7fba7a9d2000 r--s 00426000 08:02 22151253                   /home/sam/work/p2/jars/hbase-server.jar
7fba7a9d2000-7fba7a9db000 r--s 00084000 08:02 22151306                   /home/sam/work/p2/jars/hbase-common.jar
7fba7a9db000-7fba7a9dd000 r--s 00004000 08:02 22151307                   /home/sam/work/p2/jars/hbase-annotations.jar
7fba7a9dd000-7fba7abdd000 rw-p 00000000 00:00 0 
7fba7abdd000-7fba7addd000 rw-p 00000000 00:00 0 
7fba7addd000-7fba7ade2000 r--s 0009a000 08:02 3803751                    /usr/lib/jvm/java-8-oracle/jre/lib/jsse.jar
7fba7ade2000-7fba7adea000 r--s 00058000 08:02 18481932                   /usr/work/spark/jars/parquet-format-2.3.1.jar
7fba7adea000-7fba7adeb000 r--s 00004000 08:02 18482924                   /usr/work/spark/jars/eigenbase-properties-1.1.5.jar
7fba7adeb000-7fba7adf5000 r--s 00095000 08:02 18482941                   /usr/work/spark/jars/scala-xml_2.11-1.0.2.jar
7fba7adf5000-7fba7adf7000 r--s 0001f000 08:02 18483004                   /usr/work/spark/jars/commons-crypto-1.0.0.jar
7fba7adf7000-7fba7ae10000 r--s 0012c000 08:02 18483047                   /usr/work/spark/jars/netty-3.9.9.Final.jar
7fba7ae10000-7fba7ae12000 r--s 00009000 08:02 18483022                   /usr/work/spark/jars/commons-cli-1.2.jar
7fba7ae12000-7fba7ae9c000 r--s 00641000 08:02 18481948                   /usr/work/spark/jars/spark-sql_2.11-2.2.0.jar
7fba7ae9c000-7fba7ae9e000 r--s 00009000 08:02 18482970                   /usr/work/spark/jars/jackson-module-paranamer-2.6.5.jar
7fba7ae9e000-7fba7aea0000 r--s 00003000 08:02 18483026                   /usr/work/spark/jars/base64-2.3.8.jar
7fba7aea0000-7fba7aea4000 r--s 00036000 08:02 18483034                   /usr/work/spark/jars/ST4-4.0.4.jar
7fba7aea4000-7fba7aea7000 r--s 0000d000 08:02 18482942                   /usr/work/spark/jars/spark-network-shuffle_2.11-2.2.0.jar
7fba7aea7000-7fba7b0a7000 rw-p 00000000 00:00 0 
7fba7b0a7000-7fba7b0bd000 r-xp 00000000 08:02 4064148                    /usr/lib/jvm/java-8-oracle/jre/lib/amd64/libnet.so
7fba7b0bd000-7fba7b2bd000 ---p 00016000 08:02 4064148                    /usr/lib/jvm/java-8-oracle/jre/lib/amd64/libnet.so
7fba7b2bd000-7fba7b2be000 rw-p 00016000 08:02 4064148                    /usr/lib/jvm/java-8-oracle/jre/lib/amd64/libnet.so
7fba7b2be000-7fba7b2d4000 r--s 00124000 08:02 18483012                   /usr/work/spark/jars/ivy-2.4.0.jar
7fba7b2d4000-7fba7b2d8000 r--s 00028000 08:02 18481927                   /usr/work/spark/jars/jetty-util-6.1.26.jar
7fba7b2d8000-7fba7b2d9000 r--s 00003000 08:02 18482925                   /usr/work/spark/jars/spark-tags_2.11-2.2.0.jar
7fba7b2d9000-7fba7b2dc000 r--s 0000e000 08:02 18481929                   /usr/work/spark/jars/jersey-container-servlet-core-2.22.2.jar
7fba7b2dc000-7fba7b2e0000 r--s 00020000 08:02 18482933                   /usr/work/spark/jars/commons-digester-1.8.jar
7fba7b2e0000-7fba7b2e2000 r--s 00100000 08:02 18483025                   /usr/work/spark/jars/snappy-java-1.1.2.6.jar
7fba7b2e2000-7fba7b2e6000 r--s 0002a000 08:02 18482922                   /usr/work/spark/jars/breeze-macros_2.11-0.13.1.jar
7fba7b2e6000-7fba7b2e8000 r--s 00003000 08:02 18482947                   /usr/work/spark/jars/jcl-over-slf4j-1.7.16.jar
7fba7b2e8000-7fba7b2f5000 r--s 000a7000 08:02 18482919                   /usr/work/spark/jars/httpclient-4.5.2.jar
7fba7b2f5000-7fba7b2f7000 r--s 0000f000 08:02 18481921                   /usr/work/spark/jars/activation-1.1.1.jar
7fba7b2f7000-7fba7b2f9000 r--s 00010000 08:02 18482965                   /usr/work/spark/jars/jersey-media-jaxb-2.22.2.jar
7fba7b2f9000-7fba7b2fa000 r--s 00009000 08:02 18483028                   /usr/work/spark/jars/slf4j-api-1.7.16.jar
7fba7b2fa000-7fba7b308000 r--s 0007c000 08:02 18482986                   /usr/work/spark/jars/spark-mesos_2.11-2.2.0.jar
7fba7b308000-7fba7b30a000 r--s 00007000 08:02 18482929                   /usr/work/spark/jars/paranamer-2.6.jar
7fba7b30a000-7fba7b32e000 r--s 001cd000 08:02 18483038                   /usr/work/spark/jars/commons-math3-3.4.1.jar
7fba7b32e000-7fba7b338000 r--s 000aa000 08:02 18482973                   /usr/work/spark/jars/janino-3.0.0.jar
7fba7b338000-7fba7b345000 r--s 000a0000 08:02 18481961                   /usr/work/spark/jars/spark-graphx_2.11-2.2.0.jar
7fba7b345000-7fba7b347000 r--s 00038000 08:02 18482984                   /usr/work/spark/jars/lz4-1.3.0.jar
7fba7b347000-7fba7b34c000 r--s 0002a000 08:02 18481930                   /usr/work/spark/jars/commons-beanutils-1.7.0.jar
7fba7b34c000-7fba7b34d000 r--s 0000b000 08:02 18482921                   /usr/work/spark/jars/snappy-0.2.jar
7fba7b34d000-7fba7b365000 r--s 000d6000 08:02 18481925                   /usr/work/spark/jars/jersey-guava-2.22.2.jar
7fba7b365000-7fba7b367000 r--s 0000e000 08:02 18482990                   /usr/work/spark/jars/commons-logging-1.1.3.jar
7fba7b367000-7fba7b36c000 r--s 0002a000 08:02 18482949                   /usr/work/spark/jars/gson-2.2.4.jar
7fba7b36c000-7fba7b44d000 r--s 00b03000 08:02 18483045                   /usr/work/spark/jars/spark-core_2.11-2.2.0.jar
7fba7b44d000-7fba7b456000 r--s 00062000 08:02 18481933                   /usr/work/spark/jars/avro-1.7.7.jar
7fba7b456000-7fba7b484000 r--s 00216000 08:02 18482910                   /usr/work/spark/jars/spark-network-common_2.11-2.2.0.jar
7fba7b484000-7fba7b4aa000 r--s 00212000 08:02 18482958                   /usr/work/spark/jars/netty-all-4.0.43.Final.jar
7fba7b4aa000-7fba7b4b0000 r--s 0002c000 08:02 18483007                   /usr/work/spark/jars/jdo-api-3.0.1.jar
7fba7b4b0000-7fba7b4ba000 r--s 000a5000 08:02 18482977                   /usr/work/spark/jars/javassist-3.18.1-GA.jar
7fba7b4ba000-7fba7b4c3000 r--s 0006f000 08:02 18482938                   /usr/work/spark/jars/log4j-1.2.17.jar
7fba7b4c3000-7fba7b4c7000 r--s 00025000 08:02 18481908                   /usr/work/spark/jars/antlr-runtime-3.4.jar
7fba7b4c7000-7fba7b4d9000 r--s 00097000 08:02 18483000                   /usr/work/spark/jars/apacheds-kerberos-codec-2.0.0-M15.jar
7fba7b4d9000-7fba7b4f2000 r--s 00164000 08:02 18482952                   /usr/work/spark/jars/hadoop-mapreduce-client-core-2.7.3.jar
7fba7b4f2000-7fba7b4f4000 r--s 00009000 08:02 18481900                   /usr/work/spark/jars/parquet-common-1.8.2.jar
7fba7b4f4000-7fba7b4f7000 r--s 00012000 08:02 18481950                   /usr/work/spark/jars/json4s-ast_2.11-3.2.11.jar
7fba7b4f7000-7fba7b52b000 r--s 00277000 08:02 18481940                   /usr/work/spark/jars/parquet-hadoop-bundle-1.6.0.jar
7fba7b52b000-7fba7b52c000 r--s 00008000 08:02 18481910                   /usr/work/spark/jars/machinist_2.11-0.6.1.jar
7fba7b52c000-7fba7b52f000 r--s 00014000 08:02 18482972                   /usr/work/spark/jars/super-csv-2.2.0.jar
7fba7b52f000-7fba7b540000 r--s 00089000 08:02 18482913                   /usr/work/spark/jars/joda-time-2.9.3.jar
7fba7b540000-7fba7b544000 r--s 00019000 08:02 18482980                   /usr/work/spark/jars/javax.ws.rs-api-2.0.1.jar
7fba7b544000-7fba7b547000 r--s 00026000 08:02 18482988                   /usr/work/spark/jars/hadoop-yarn-client-2.7.3.jar
7fba7b547000-7fba7b54b000 r--s 0002f000 08:02 18482991                   /usr/work/spark/jars/commons-beanutils-core-1.8.0.jar
7fba7b54b000-7fba7b55a000 r--s 0009f000 08:02 18482948                   /usr/work/spark/jars/guice-3.0.jar
7fba7b55a000-7fba7b666000 r--s 00dba000 08:02 18483042                   /usr/work/spark/jars/scala-compiler-2.11.8.jar
7fba7b666000-7fba7b6ac000 r--s 00317000 08:02 18481945                   /usr/work/spark/jars/shapeless_2.11-2.3.2.jar
7fba7b6ac000-7fba7b6b0000 r--s 0001a000 08:02 18481931                   /usr/work/spark/jars/hk2-utils-2.4.0-b34.jar
7fba7b6b0000-7fba7b6b5000 r--s 00041000 08:02 18482955                   /usr/work/spark/jars/commons-lang-2.6.jar
7fba7b6b5000-7fba7b6b9000 r--s 00029000 08:02 18482920                   /usr/work/spark/jars/spark-mllib-local_2.11-2.2.0.jar
7fba7b6b9000-7fba7b6bb000 r--s 0000d000 08:02 18482939                   /usr/work/spark/jars/hadoop-yarn-server-web-proxy-2.7.3.jar
7fba7b6bb000-7fba7b6bd000 r--s 0000f000 08:02 18482979                   /usr/work/spark/jars/spark-launcher_2.11-2.2.0.jar
7fba7b6bd000-7fba7b6cb000 r--s 0009d000 08:02 18481960                   /usr/work/spark/jars/jersey-common-2.22.2.jar
7fba7b6cb000-7fba7b6cd000 r--s 00017000 08:02 18481955                   /usr/work/spark/jars/hive-jdbc-1.2.1.spark2.jar
7fba7b6cd000-7fba7b6cf000 r--s 00000000 08:02 18483017                   /usr/work/spark/jars/jul-to-slf4j-1.7.16.jar
7fba7b6cf000-7fba7b6d0000 r--s 0000a000 08:02 18482804                   /usr/work/spark/jars/apacheds-i18n-2.0.0-M15.jar
7fba7b6d0000-7fba7b6d5000 r--s 00028000 08:02 18483024                   /usr/work/spark/jars/avro-mapred-1.7.7-hadoop2.jar
7fba7b6d5000-7fba7b6dd000 r--s 00078000 08:02 18483001                   /usr/work/spark/jars/mail-1.4.7.jar
7fba7b6dd000-7fba7b6de000 r--s 00004000 08:02 18482930                   /usr/work/spark/jars/opencsv-2.3.jar
7fba7b6de000-7fba7b6e1000 r--s 00025000 08:02 18482881                   /usr/work/spark/jars/commons-dbcp-1.4.jar
7fba7b6e1000-7fba7b718000 r--s 00325000 08:02 18482996                   /usr/work/spark/jars/calcite-core-1.2.0-incubating.jar
7fba7b718000-7fba7b741000 r--s 001ee000 08:02 18483046                   /usr/work/spark/jars/guava-14.0.1.jar
7fba7b741000-7fba7b743000 r--s 00014000 08:02 18482915                   /usr/work/spark/jars/spire-macros_2.11-0.13.0.jar
7fba7b743000-7fba7b747000 r--s 00029000 08:02 18481939                   /usr/work/spark/jars/hk2-locator-2.4.0-b34.jar
7fba7b747000-7fba7b749000 r--s 0000e000 08:02 18482981                   /usr/work/spark/jars/hadoop-mapreduce-client-jobclient-2.7.3.jar
7fba7b749000-7fba7b74d000 r--s 0003c000 08:02 18483037                   /usr/work/spark/jars/jackson-core-2.6.5.jar
7fba7b74d000-7fba7b75e000 r--s 0010d000 08:02 18482926                   /usr/work/spark/jars/jackson-databind-2.6.5.jar
7fba7b75e000-7fba7b769000 r--s 00062000 08:02 18482943                   /usr/work/spark/jars/calcite-linq4j-1.2.0-incubating.jar
7fba7b769000-7fba7b76f000 r--s 00043000 08:02 18483041                   /usr/work/spark/jars/commons-configuration-1.6.jar
7fba7b76f000-7fba7b775000 r--s 00038000 08:02 18481912                   /usr/work/spark/jars/parquet-hadoop-1.8.2.jar
7fba7b775000-7fba7b778000 r--s 00015000 08:02 18481903                   /usr/work/spark/jars/javax.servlet-api-3.1.0.jar
7fba7b778000-7fba7b779000 r--s 00003000 08:02 18483006                   /usr/work/spark/jars/metrics-json-3.1.2.jar
7fba7b779000-7fba7b77c000 r--s 000fd000 08:02 18481952                   /usr/work/spark/jars/leveldbjni-all-1.8.jar
7fba7b77c000-7fba7b789000 r--s 00071000 08:02 18483011                   /usr/work/spark/jars/jackson-module-scala_2.11-2.6.5.jar
7fba7b789000-7fba7b792000 r--s 00097000 08:02 18483018                   /usr/work/spark/jars/pmml-model-1.2.15.jar
7fba7b792000-7fba7b79f000 r--s 000b1000 08:02 18481917                   /usr/work/spark/jars/hadoop-mapreduce-client-common-2.7.3.jar
7fba7b79f000-7fba7b7a9000 r--s 0007b000 08:02 18483030                   /usr/work/spark/jars/hadoop-mapreduce-client-app-2.7.3.jar
7fba7b7a9000-7fba7b7ae000 r--s 00036000 08:02 18481928                   /usr/work/spark/jars/commons-compress-1.4.1.jar
7fba7b7ae000-7fba7b7b5000 r--s 00058000 08:02 18481956                   /usr/work/spark/jars/hadoop-yarn-server-common-2.7.3.jar
7fba7b7b5000-7fba7b7b8000 r--s 00019000 08:02 18481901                   /usr/work/spark/jars/bonecp-0.8.0.RELEASE.jar
7fba7b7b8000-7fba7b7ba000 r--s 0000e000 08:02 18481906                   /usr/work/spark/jars/oro-2.0.8.jar
7fba7b7ba000-7fba7b7c1000 r--s 00049000 08:02 18483035                   /usr/work/spark/jars/univocity-parsers-2.2.1.jar
7fba7b7c1000-7fba7b7e3000 r--s 00197000 08:02 18482914                   /usr/work/spark/jars/spark-hive-thriftserver_2.11-2.2.0.jar
7fba7b7e3000-7fba7b7e5000 r--s 00012000 08:02 18482999                   /usr/work/spark/jars/api-util-1.0.0-M20.jar
7fba7b7e5000-7fba7b87e000 r--s 0074b000 08:02 18482928                   /usr/work/spark/jars/spark-catalyst_2.11-2.2.0.jar
7fba7b87e000-7fba7b956000 r--s 00d92000 08:02 18483021                   /usr/work/spark/jars/breeze_2.11-0.13.1.jar
7fba7b956000-7fba7b958000 r--s 0000e000 08:02 18482935                   /usr/work/spark/jars/spark-repl_2.11-2.2.0.jar
7fba7b958000-7fba7b95c000 r--s 0000c000 08:02 18482872                   /usr/work/spark/jars/validation-api-1.1.0.Final.jar
7fba7b95c000-7fba7b975000 r--s 00113000 08:02 18482954                   /usr/work/spark/jars/spark-hive_2.11-2.2.0.jar
7fba7b975000-7fba7b977000 r--s 0000b000 08:02 18483023                   /usr/work/spark/jars/chill-java-0.8.0.jar
7fba7b977000-7fba7b97e000 r--s 0007d000 08:02 18482936                   /usr/work/spark/jars/jetty-6.1.26.jar
7fba7b97e000-7fba7b989000 r--s 000b0000 08:02 18482945                   /usr/work/spark/jars/jtransforms-2.4.0.jar
7fba7b989000-7fba7b98d000 r--s 00018000 08:02 18481936                   /usr/work/spark/jars/metrics-core-3.1.2.jar
7fba7b98d000-7fba7b98f000 r--s 00006000 08:02 18481913                   /usr/work/spark/jars/spark-sketch_2.11-2.2.0.jar
7fba7b98f000-7fba7b996000 r--s 00036000 08:02 18482916                   /usr/work/spark/jars/curator-recipes-2.6.0.jar
7fba7b996000-7fba7b99b000 r--s 00068000 08:02 18482987                   /usr/work/spark/jars/antlr-2.7.7.jar
7fba7b99b000-7fba7b99c000 r--s 00006000 08:02 18482969                   /usr/work/spark/jars/hadoop-client-2.7.3.jar
7fba7b99c000-7fba7b9f5000 r--s 00522000 08:02 18483050                   /usr/work/spark/jars/scala-library-2.11.8.jar
7fba7b9f5000-7fba7ba0b000 r--s 001a4000 08:02 18481959                   /usr/work/spark/jars/datanucleus-rdbms-3.2.9.jar
7fba7ba0b000-7fba7ba0e000 r--s 00009000 08:02 18482964                   /usr/work/spark/jars/jackson-annotations-2.6.5.jar
7fba7ba0e000-7fba7ba3d000 r--s 002e5000 08:02 18483029                   /usr/work/spark/jars/derby-10.12.1.1.jar
7fba7ba3d000-7fba7ba3f000 r--s 00005000 08:02 18482956                   /usr/work/spark/jars/stax-api-1.0.1.jar
7fba7ba3f000-7fba7bae8000 r--s 00a4f000 08:02 18482995                   /usr/work/spark/jars/hive-exec-1.2.1.spark2.jar
7fba7bae8000-7fba7bae9000 r--s 00002000 08:02 18482908                   /usr/work/spark/jars/slf4j-log4j12-1.7.16.jar
7fba7bae9000-7fba7baea000 r--s 00003000 08:02 18481942                   /usr/work/spark/jars/xmlenc-0.52.jar
7fba7baea000-7fba7baec000 r--s 00008000 08:02 18481916                   /usr/work/spark/jars/metrics-jvm-3.1.2.jar
7fba7baec000-7fba7baee000 r--s 00004000 08:02 18482982                   /usr/work/spark/jars/metrics-graphite-3.1.2.jar
7fba7baee000-7fba7baf6000 r--s 00066000 08:02 18482946                   /usr/work/spark/jars/apache-log4j-extras-1.2.17.jar
7fba7baf6000-7fba7bb61000 r--s 0093d000 08:02 18481911                   /usr/work/spark/jars/spire_2.11-0.13.0.jar
7fba7bb61000-7fba7bb63000 r--s 00020000 08:02 18482962                   /usr/work/spark/jars/hive-beeline-1.2.1.spark2.jar
7fba7bb63000-7fba7bb67000 r--s 00025000 08:02 18483033                   /usr/work/spark/jars/jersey-client-2.22.2.jar
7fba7bb67000-7fba7bb69000 r--s 00027000 08:02 18482985                   /usr/work/spark/jars/core-1.1.2.jar
7fba7bb69000-7fba7bb6f000 r--s 00040000 08:02 18482997                   /usr/work/spark/jars/parquet-encoding-1.8.2.jar
7fba7bb6f000-7fba7bb72000 r--s 00016000 08:02 18481941                   /usr/work/spark/jars/jsp-api-2.1.jar
7fba7bb72000-7fba7bb75000 r--s 00021000 08:02 18481943                   /usr/work/spark/jars/xbean-asm5-shaded-4.4.jar
7fba7bb75000-7fba7bb77000 r--s 00009000 08:02 18483031                   /usr/work/spark/jars/objenesis-2.1.jar
7fba7bb77000-7fba7bb79000 r--s 00004000 08:02 18481938                   /usr/work/spark/jars/stax-api-1.0-2.jar
7fba7bb79000-7fba7bb7a000 r--s 00008000 08:02 18483027                   /usr/work/spark/jars/commons-compiler-3.0.0.jar
7fba7bb7a000-7fba7bb7b000 r--s 00001000 08:02 18481957                   /usr/work/spark/jars/minlog-1.3.0.jar
7fba7bb7b000-7fba7bb7e000 r--s 00006000 08:02 18482934                   /usr/work/spark/jars/jsr305-1.3.9.jar
7fba7bb7e000-7fba7bb80000 r--s 00012000 08:02 18482944                   /usr/work/spark/jars/compress-lzf-1.0.3.jar
7fba7bb80000-7fba7bb81000 r--s 00003000 08:02 18481922                   /usr/work/spark/jars/jta-1.1.jar
7fba7bb81000-7fba7bb97000 r--s 000d3000 08:02 18482917                   /usr/work/spark/jars/jersey-server-2.22.2.jar
7fba7bb97000-7fba7bb9b000 r--s 00035000 08:02 18481944                   /usr/work/spark/jars/jackson-core-asl-1.9.13.jar
7fba7bb9b000-7fba7bb9e000 r--s 00015000 08:02 18482937                   /usr/work/spark/jars/pyrolite-4.13.jar
7fba7bb9e000-7fba7bbb6000 r--s 001b6000 08:02 18481923                   /usr/work/spark/jars/datanucleus-core-3.2.10.jar
7fba7bbb6000-7fba7bbc8000 r--s 000b3000 08:02 18483008                   /usr/work/spark/jars/scalap-2.11.8.jar
7fba7bbc8000-7fba7bbdf000 r--s 000d3000 08:02 18483019                   /usr/work/spark/jars/parquet-column-1.8.2.jar
7fba7bbdf000-7fba7bbe7000 r--s 0007b000 08:02 18482951                   /usr/work/spark/jars/protobuf-java-2.5.0.jar
7fba7bbe7000-7fba7bbe8000 r--s 00001000 08:02 18482911                   /usr/work/spark/jars/pmml-schema-1.2.15.jar
7fba7bbe8000-7fba7bbea000 r--s 00003000 08:02 18481924                   /usr/work/spark/jars/jersey-container-servlet-2.22.2.jar
7fba7bbea000-7fba7bbef000 r--s 00032000 08:02 18483049                   /usr/work/spark/jars/chill_2.11-0.8.0.jar
7fba7bbef000-7fba7bbf0000 r--s 00002000 08:02 18482975                   /usr/work/spark/jars/jpam-1.1.jar
7fba7bbf0000-7fba7bbf2000 r--s 00005000 08:02 18482957                   /usr/work/spark/jars/javax.annotation-api-1.2.jar
7fba7bbf2000-7fba7bbf4000 r--s 0000a000 08:02 18483015                   /usr/work/spark/jars/spark-unsafe_2.11-2.2.0.jar
7fba7bbf4000-7fba7bbf7000 r--s 00028000 08:02 18481914                   /usr/work/spark/jars/stream-2.7.0.jar
7fba7bbf7000-7fba7bbf8000 r--s 00000000 08:02 18483016                   /usr/work/spark/jars/macro-compat_2.11-1.1.1.jar
7fba7bbf8000-7fba7bc06000 r--s 000b1000 08:02 18482967                   /usr/work/spark/jars/jackson-mapper-asl-1.9.13.jar
7fba7bc06000-7fba7bc16000 r--s 0009a000 08:02 18482953                   /usr/work/spark/jars/spark-yarn_2.11-2.2.0.jar
7fba7bc16000-7fba7bc33000 r--s 001d5000 08:02 18483043                   /usr/work/spark/jars/hadoop-yarn-api-2.7.3.jar
7fba7bc33000-7fba7bc35000 r--s 00015000 08:02 18481919                   /usr/work/spark/jars/hadoop-auth-2.7.3.jar
7fba7bc35000-7fba7bc37000 r--s 00003000 08:02 18481967                   /usr/work/spark/jars/api-asn1-api-1.0.0-M20.jar
7fba7bc37000-7fba7bc38000 r--s 00009000 08:02 18481949                   /usr/work/spark/jars/json4s-jackson_2.11-3.2.11.jar
7fba7bc38000-7fba7bc3f000 r--s 00049000 08:02 18482950                   /usr/work/spark/jars/httpcore-4.4.4.jar
7fba7bc3f000-7fba7bcb8000 r--s 005bb000 08:02 18482998                   /usr/work/spark/jars/spark-mllib_2.11-2.2.0.jar
7fba7bcb8000-7fba7bcbb000 r--s 00022000 08:02 18483002                   /usr/work/spark/jars/stringtemplate-3.2.1.jar
7fba7bcbb000-7fba7bcbf000 r--s 00031000 08:02 18481935                   /usr/work/spark/jars/jline-2.12.1.jar
7fba7bcbf000-7fba7bcc6000 r--s 00051000 08:02 18481915                   /usr/work/spark/jars/kryo-shaded-3.0.3.jar
7fba7bcc6000-7fba7bcce000 r--s 00059000 08:02 18481958                   /usr/work/spark/jars/javolution-5.5.1.jar
7fba7bcce000-7fba7bd0e000 r--s 00277000 08:02 18482978                   /usr/work/spark/jars/bcprov-jdk15on-1.51.jar
7fba7bd0e000-7fba7bd13000 r--s 00027000 08:02 18483044                   /usr/work/spark/jars/hk2-api-2.4.0-b34.jar
7fba7bd13000-7fba7bd1a000 r--s 0003f000 08:02 18481951                   /usr/work/spark/jars/commons-codec-1.10.jar
7fba7bd1a000-7fba7bd21000 r--s 00046000 08:02 18482992                   /usr/work/spark/jars/libfb303-0.9.3.jar
7fba7bd21000-7fba7bd39000 r--s 00115000 08:02 18481907                   /usr/work/spark/jars/xercesImpl-2.9.1.jar
7fba7bd39000-7fba7bd3c000 r--s 0001a000 08:02 18483013                   /usr/work/spark/jars/py4j-0.10.4.jar
7fba7bd3c000-7fba7bd3d000 r--s 00006000 08:02 18482983                   /usr/work/spark/jars/jackson-xc-1.9.13.jar
7fba7bd3d000-7fba7bd44000 r--s 00039000 08:02 18482940                   /usr/work/spark/jars/calcite-avatica-1.2.0-incubating.jar
7fba7bd44000-7fba7bd56000 r--s 00112000 08:02 18483014                   /usr/work/spark/jars/arpack_combined_all-0.1.jar
7fba7bd56000-7fba7bd5a000 r--s 0002a000 08:02 18482960                   /usr/work/spark/jars/commons-io-2.4.jar
7fba7bd5a000-7fba7bd5c000 r--s 00010000 08:02 18482912                   /usr/work/spark/jars/hadoop-mapreduce-client-shuffle-2.7.3.jar
7fba7bd5c000-7fba7bdbf000 r--s 004de000 08:02 18482932                   /usr/work/spark/jars/hive-metastore-1.2.1.spark2.jar
7fba7bdbf000-7fba7bdcb000 r--s 000b6000 08:02 18483010                   /usr/work/spark/jars/zookeeper-3.4.6.jar
7fba7bdcb000-7fba7bdcf000 r--s 00030000 08:02 18481902                   /usr/work/spark/jars/commons-net-2.2.jar
7fba7bdcf000-7fba7bdd1000 r--s 0000f000 08:02 18482927                   /usr/work/spark/jars/curator-client-2.6.0.jar
7fba7bdd1000-7fba7bdd3000 r--s 00003000 08:02 18483005                   /usr/work/spark/jars/JavaEWAH-0.3.2.jar
7fba7bdd3000-7fba7bdd8000 r--s 0004e000 08:02 18481934                   /usr/work/spark/jars/datanucleus-api-jdo-3.2.6.jar
7fba7bdd8000-7fba7bdfa000 r--s 00335000 08:02 18482963                   /usr/work/spark/jars/mesos-1.0.0-shaded-protobuf.jar
7fba7bdfa000-7fba7be2a000 r--s 001e5000 08:02 18483048                   /usr/work/spark/jars/spark-streaming_2.11-2.2.0.jar
7fba7be2a000-7fba7be2d000 r--s 0002f000 08:02 18481918                   /usr/work/spark/jars/RoaringBitmap-0.5.11.jar
7fba7be2d000-7fba7be63000 r--s 0031c000 08:02 18481920                   /usr/work/spark/jars/hadoop-common-2.7.3.jar
7fba7be63000-7fba7be70000 r--s 00083000 08:02 18481946                   /usr/work/spark/jars/commons-collections-3.2.2.jar
7fba7be70000-7fba7be77000 r--s 0005d000 08:02 18482989                   /usr/work/spark/jars/mx4j-3.0.2.jar
7fba7be77000-7fba7be7d000 r--s 00044000 08:02 18482974                   /usr/work/spark/jars/antlr4-runtime-4.5.3.jar
7fba7be7d000-7fba7bee8000 r--s 00784000 08:02 18481905                   /usr/work/spark/jars/hadoop-hdfs-2.7.3.jar
7fba7bee8000-7fba7beff000 r--s 00183000 08:02 18482966                   /usr/work/spark/jars/hadoop-yarn-common-2.7.3.jar
7fba7beff000-7fba7bf00000 ---p 00000000 00:00 0 
7fba7bf00000-7fba7c000000 rw-p 00000000 00:00 0 
7fba7c000000-7fba7c021000 rw-p 00000000 00:00 0 
7fba7c021000-7fba80000000 ---p 00000000 00:00 0 
7fba80000000-7fba80003000 r--s 00017000 08:02 18482994                   /usr/work/spark/jars/jaxb-api-2.2.2.jar
7fba80003000-7fba80004000 r--s 00004000 08:02 18482923                   /usr/work/spark/jars/jackson-jaxrs-1.9.13.jar
7fba80004000-7fba80005000 r--s 00002000 08:02 18481937                   /usr/work/spark/jars/java-xmlbuilder-1.0.jar
7fba80005000-7fba80007000 r--s 0000e000 08:02 18483003                   /usr/work/spark/jars/guice-servlet-3.0.jar
7fba80007000-7fba8000d000 r--s 00045000 08:02 18481953                   /usr/work/spark/jars/commons-httpclient-3.1.jar
7fba8000d000-7fba8000e000 r--s 00009000 08:02 18481904                   /usr/work/spark/jars/hadoop-annotations-2.7.3.jar
7fba8000e000-7fba80019000 r--s 0005d000 08:02 18483036                   /usr/work/spark/jars/scala-parser-combinators_2.11-1.0.4.jar
7fba80019000-7fba8001f000 r--s 00063000 08:02 18483032                   /usr/work/spark/jars/jodd-core-3.5.2.jar
7fba8001f000-7fba80023000 r--s 0002c000 08:02 18482961                   /usr/work/spark/jars/avro-ipc-1.7.7.jar
7fba80023000-7fba8002b000 r--s 0006e000 08:02 18482976                   /usr/work/spark/jars/commons-lang3-3.5.jar
7fba8002b000-7fba80035000 r--s 00086000 08:02 18482931                   /usr/work/spark/jars/json4s-core_2.11-3.2.11.jar
7fba80035000-7fba8003b000 r--s 00034000 08:02 18482993                   /usr/work/spark/jars/libthrift-0.9.3.jar
7fba8003b000-7fba80054000 r--s 00150000 08:02 18482918                   /usr/work/spark/jars/htrace-core-3.1.0-incubating.jar
7fba80054000-7fba8006f000 r--s 001d8000 08:02 18481926                   /usr/work/spark/jars/jets3t-0.9.3.jar
7fba8006f000-7fba800bb000 r--s 00411000 08:02 18483040                   /usr/work/spark/jars/scala-reflect-2.11.8.jar
7fba800bb000-7fba800cf000 r--s 000ec000 08:02 18482968                   /usr/work/spark/jars/parquet-jackson-1.8.2.jar
7fba800cf000-7fba800d2000 ---p 00000000 00:00 0 
7fba800d2000-7fba801d0000 rw-p 00000000 00:00 0 
7fba801d0000-7fba801d3000 ---p 00000000 00:00 0 
7fba801d3000-7fba802d1000 rw-p 00000000 00:00 0 
7fba802d1000-7fba802d4000 ---p 00000000 00:00 0 
7fba802d4000-7fba803d2000 rw-p 00000000 00:00 0 
7fba803d2000-7fba803d5000 ---p 00000000 00:00 0 
7fba803d5000-7fba804d3000 rw-p 00000000 00:00 0 
7fba804d3000-7fba804d6000 ---p 00000000 00:00 0 
7fba804d6000-7fba805d4000 rw-p 00000000 00:00 0 
7fba805d4000-7fba808af000 r--p 00000000 08:02 3014676                    /usr/lib/locale/locale-archive
7fba808af000-7fba808b2000 ---p 00000000 00:00 0 
7fba808b2000-7fba809b0000 rw-p 00000000 00:00 0 
7fba809b0000-7fba809b3000 ---p 00000000 00:00 0 
7fba809b3000-7fba80ab1000 rw-p 00000000 00:00 0 
7fba80ab1000-7fba80ab2000 ---p 00000000 00:00 0 
7fba80ab2000-7fba84000000 rw-p 00000000 00:00 0 
7fba84000000-7fba84021000 rw-p 00000000 00:00 0 
7fba84021000-7fba88000000 ---p 00000000 00:00 0 
7fba88000000-7fba88001000 r--s 00001000 08:02 18483020                   /usr/work/spark/jars/javax.inject-2.4.0-b34.jar
7fba88001000-7fba88003000 r--s 00002000 08:02 18481954                   /usr/work/spark/jars/aopalliance-repackaged-2.4.0-b34.jar
7fba88003000-7fba88006000 r--s 00015000 08:02 18482909                   /usr/work/spark/jars/commons-pool-1.5.4.jar
7fba88006000-7fba8800a000 r--s 00014000 08:02 18483039                   /usr/work/spark/jars/xz-1.0.jar
7fba8800a000-7fba8830d000 rw-p 00000000 00:00 0 
7fba8830d000-7fba884e6000 r--s 03d40000 08:02 3803699                    /usr/lib/jvm/java-8-oracle/jre/lib/rt.jar
7fba884e6000-7fba886e6000 rw-p 00000000 00:00 0 
7fba886e6000-7fba886e7000 ---p 00000000 00:00 0 
7fba886e7000-7fba887e7000 rw-p 00000000 00:00 0 
7fba887e7000-7fba887e8000 ---p 00000000 00:00 0 
7fba887e8000-7fba888e8000 rw-p 00000000 00:00 0 
7fba888e8000-7fba888e9000 ---p 00000000 00:00 0 
7fba888e9000-7fba889e9000 rw-p 00000000 00:00 0 
7fba889e9000-7fba889ea000 ---p 00000000 00:00 0 
7fba889ea000-7fba88b2a000 rw-p 00000000 00:00 0 
7fba88b2a000-7fba88c40000 ---p 00000000 00:00 0 
7fba88c40000-7fba88c8e000 rw-p 00000000 00:00 0 
7fba88c8e000-7fba89000000 ---p 00000000 00:00 0 
7fba89000000-7fba8a380000 rwxp 00000000 00:00 0 
7fba8a380000-7fba98000000 ---p 00000000 00:00 0 
7fba98000000-7fba9955c000 rw-p 00000000 00:00 0 
7fba9955c000-7fba9c000000 ---p 00000000 00:00 0 
7fba9c000000-7fba9c002000 r--s 00000000 08:02 18482971                   /usr/work/spark/jars/aopalliance-1.0.jar
7fba9c002000-7fba9c11b000 rw-p 00000000 00:00 0 
7fba9c11b000-7fba9c230000 ---p 00000000 00:00 0 
7fba9c230000-7fba9c27d000 rw-p 00000000 00:00 0 
7fba9c27d000-7fba9c2db000 ---p 00000000 00:00 0 
7fba9c2db000-7fba9c2dc000 rw-p 00000000 00:00 0 
7fba9c2dc000-7fba9c2f6000 r-xp 00000000 08:02 4063893                    /usr/lib/jvm/java-8-oracle/jre/lib/amd64/libzip.so
7fba9c2f6000-7fba9c4f6000 ---p 0001a000 08:02 4063893                    /usr/lib/jvm/java-8-oracle/jre/lib/amd64/libzip.so
7fba9c4f6000-7fba9c4f7000 rw-p 0001a000 08:02 4063893                    /usr/lib/jvm/java-8-oracle/jre/lib/amd64/libzip.so
7fba9c4f7000-7fba9c502000 r-xp 00000000 08:02 14680156                   /lib/x86_64-linux-gnu/libnss_files-2.24.so
7fba9c502000-7fba9c701000 ---p 0000b000 08:02 14680156                   /lib/x86_64-linux-gnu/libnss_files-2.24.so
7fba9c701000-7fba9c702000 r--p 0000a000 08:02 14680156                   /lib/x86_64-linux-gnu/libnss_files-2.24.so
7fba9c702000-7fba9c703000 rw-p 0000b000 08:02 14680156                   /lib/x86_64-linux-gnu/libnss_files-2.24.so
7fba9c703000-7fba9c709000 rw-p 00000000 00:00 0 
7fba9c709000-7fba9c714000 r-xp 00000000 08:02 14680158                   /lib/x86_64-linux-gnu/libnss_nis-2.24.so
7fba9c714000-7fba9c913000 ---p 0000b000 08:02 14680158                   /lib/x86_64-linux-gnu/libnss_nis-2.24.so
7fba9c913000-7fba9c914000 r--p 0000a000 08:02 14680158                   /lib/x86_64-linux-gnu/libnss_nis-2.24.so
7fba9c914000-7fba9c915000 rw-p 0000b000 08:02 14680158                   /lib/x86_64-linux-gnu/libnss_nis-2.24.so
7fba9c915000-7fba9c92b000 r-xp 00000000 08:02 14680153                   /lib/x86_64-linux-gnu/libnsl-2.24.so
7fba9c92b000-7fba9cb2a000 ---p 00016000 08:02 14680153                   /lib/x86_64-linux-gnu/libnsl-2.24.so
7fba9cb2a000-7fba9cb2b000 r--p 00015000 08:02 14680153                   /lib/x86_64-linux-gnu/libnsl-2.24.so
7fba9cb2b000-7fba9cb2c000 rw-p 00016000 08:02 14680153                   /lib/x86_64-linux-gnu/libnsl-2.24.so
7fba9cb2c000-7fba9cb2e000 rw-p 00000000 00:00 0 
7fba9cb2e000-7fba9cb36000 r-xp 00000000 08:02 14680154                   /lib/x86_64-linux-gnu/libnss_compat-2.24.so
7fba9cb36000-7fba9cd35000 ---p 00008000 08:02 14680154                   /lib/x86_64-linux-gnu/libnss_compat-2.24.so
7fba9cd35000-7fba9cd36000 r--p 00007000 08:02 14680154                   /lib/x86_64-linux-gnu/libnss_compat-2.24.so
7fba9cd36000-7fba9cd37000 rw-p 00008000 08:02 14680154                   /lib/x86_64-linux-gnu/libnss_compat-2.24.so
7fba9cd37000-7fba9cd62000 r-xp 00000000 08:02 4063711                    /usr/lib/jvm/java-8-oracle/jre/lib/amd64/libjava.so
7fba9cd62000-7fba9cf61000 ---p 0002b000 08:02 4063711                    /usr/lib/jvm/java-8-oracle/jre/lib/amd64/libjava.so
7fba9cf61000-7fba9cf63000 rw-p 0002a000 08:02 4063711                    /usr/lib/jvm/java-8-oracle/jre/lib/amd64/libjava.so
7fba9cf63000-7fba9cf70000 r-xp 00000000 08:02 4063892                    /usr/lib/jvm/java-8-oracle/jre/lib/amd64/libverify.so
7fba9cf70000-7fba9d16f000 ---p 0000d000 08:02 4063892                    /usr/lib/jvm/java-8-oracle/jre/lib/amd64/libverify.so
7fba9d16f000-7fba9d171000 rw-p 0000c000 08:02 4063892                    /usr/lib/jvm/java-8-oracle/jre/lib/amd64/libverify.so
7fba9d171000-7fba9d178000 r-xp 00000000 08:02 14684554                   /lib/x86_64-linux-gnu/librt-2.24.so
7fba9d178000-7fba9d377000 ---p 00007000 08:02 14684554                   /lib/x86_64-linux-gnu/librt-2.24.so
7fba9d377000-7fba9d378000 r--p 00006000 08:02 14684554                   /lib/x86_64-linux-gnu/librt-2.24.so
7fba9d378000-7fba9d379000 rw-p 00007000 08:02 14684554                   /lib/x86_64-linux-gnu/librt-2.24.so
7fba9d379000-7fba9d481000 r-xp 00000000 08:02 14680150                   /lib/x86_64-linux-gnu/libm-2.24.so
7fba9d481000-7fba9d680000 ---p 00108000 08:02 14680150                   /lib/x86_64-linux-gnu/libm-2.24.so
7fba9d680000-7fba9d681000 r--p 00107000 08:02 14680150                   /lib/x86_64-linux-gnu/libm-2.24.so
7fba9d681000-7fba9d682000 rw-p 00108000 08:02 14680150                   /lib/x86_64-linux-gnu/libm-2.24.so
7fba9d682000-7fba9e351000 r-xp 00000000 08:02 4064716                    /usr/lib/jvm/java-8-oracle/jre/lib/amd64/server/libjvm.so
7fba9e351000-7fba9e551000 ---p 00ccf000 08:02 4064716                    /usr/lib/jvm/java-8-oracle/jre/lib/amd64/server/libjvm.so
7fba9e551000-7fba9e62a000 rw-p 00ccf000 08:02 4064716                    /usr/lib/jvm/java-8-oracle/jre/lib/amd64/server/libjvm.so
7fba9e62a000-7fba9e675000 rw-p 00000000 00:00 0 
7fba9e675000-7fba9e833000 r-xp 00000000 08:02 14680146                   /lib/x86_64-linux-gnu/libc-2.24.so
7fba9e833000-7fba9ea32000 ---p 001be000 08:02 14680146                   /lib/x86_64-linux-gnu/libc-2.24.so
7fba9ea32000-7fba9ea36000 r--p 001bd000 08:02 14680146                   /lib/x86_64-linux-gnu/libc-2.24.so
7fba9ea36000-7fba9ea38000 rw-p 001c1000 08:02 14680146                   /lib/x86_64-linux-gnu/libc-2.24.so
7fba9ea38000-7fba9ea3c000 rw-p 00000000 00:00 0 
7fba9ea3c000-7fba9ea3f000 r-xp 00000000 08:02 14680149                   /lib/x86_64-linux-gnu/libdl-2.24.so
7fba9ea3f000-7fba9ec3e000 ---p 00003000 08:02 14680149                   /lib/x86_64-linux-gnu/libdl-2.24.so
7fba9ec3e000-7fba9ec3f000 r--p 00002000 08:02 14680149                   /lib/x86_64-linux-gnu/libdl-2.24.so
7fba9ec3f000-7fba9ec40000 rw-p 00003000 08:02 14680149                   /lib/x86_64-linux-gnu/libdl-2.24.so
7fba9ec40000-7fba9ec55000 r-xp 00000000 08:02 3802486                    /usr/lib/jvm/java-8-oracle/lib/amd64/jli/libjli.so
7fba9ec55000-7fba9ee55000 ---p 00015000 08:02 3802486                    /usr/lib/jvm/java-8-oracle/lib/amd64/jli/libjli.so
7fba9ee55000-7fba9ee56000 rw-p 00015000 08:02 3802486                    /usr/lib/jvm/java-8-oracle/lib/amd64/jli/libjli.so
7fba9ee56000-7fba9ee6e000 r-xp 00000000 08:02 14680161                   /lib/x86_64-linux-gnu/libpthread-2.24.so
7fba9ee6e000-7fba9f06e000 ---p 00018000 08:02 14680161                   /lib/x86_64-linux-gnu/libpthread-2.24.so
7fba9f06e000-7fba9f06f000 r--p 00018000 08:02 14680161                   /lib/x86_64-linux-gnu/libpthread-2.24.so
7fba9f06f000-7fba9f070000 rw-p 00019000 08:02 14680161                   /lib/x86_64-linux-gnu/libpthread-2.24.so
7fba9f070000-7fba9f074000 rw-p 00000000 00:00 0 
7fba9f074000-7fba9f09a000 r-xp 00000000 08:02 14680069                   /lib/x86_64-linux-gnu/ld-2.24.so
7fba9f09a000-7fba9f09b000 r--s 00000000 08:02 18481947                   /usr/work/spark/jars/javax.inject-1.jar
7fba9f09b000-7fba9f09c000 r--s 00009000 08:02 18483009                   /usr/work/spark/jars/hive-cli-1.2.1.spark2.jar
7fba9f09c000-7fba9f0a2000 r--s 00028000 08:02 18482959                   /usr/work/spark/jars/curator-framework-2.6.0.jar
7fba9f0a2000-7fba9f174000 rw-p 00000000 00:00 0 
7fba9f174000-7fba9f177000 ---p 00000000 00:00 0 
7fba9f177000-7fba9f277000 rw-p 00000000 00:00 0 
7fba9f277000-7fba9f278000 r--s 00004000 08:02 18483051                   /usr/work/spark/jars/osgi-resource-locator-1.0.1.jar
7fba9f278000-7fba9f28c000 rw-p 00000000 00:00 0 
7fba9f28c000-7fba9f294000 rw-s 00000000 08:02 10354721                   /tmp/hsperfdata_sam/21524
7fba9f294000-7fba9f295000 rw-p 00000000 00:00 0 
7fba9f295000-7fba9f296000 ---p 00000000 00:00 0 
7fba9f296000-7fba9f299000 rw-p 00000000 00:00 0 
7fba9f299000-7fba9f29a000 r--p 00025000 08:02 14680069                   /lib/x86_64-linux-gnu/ld-2.24.so
7fba9f29a000-7fba9f29b000 rw-p 00026000 08:02 14680069                   /lib/x86_64-linux-gnu/ld-2.24.so
7fba9f29b000-7fba9f29c000 rw-p 00000000 00:00 0 
7fff8d319000-7fff8d33b000 rw-p 00000000 00:00 0                          [stack]
7fff8d367000-7fff8d369000 r--p 00000000 00:00 0                          [vvar]
7fff8d369000-7fff8d36b000 r-xp 00000000 00:00 0                          [vdso]
ffffffffff600000-ffffffffff601000 r-xp 00000000 00:00 0                  [vsyscall]

VM Arguments:
jvm_args: -Dscala.usejavacp=true -Xmx1g 
java_command: org.apache.spark.deploy.SparkSubmit --master spark://sam:7077 --class org.apache.spark.repl.Main --name Spark shell --jars hbase-annotations.jar,hbase-common.jar,hbase-server.jar,hbase-client.jar,hbase-protocol.jar,hbase-hadoop2-compat.jar,zookeeper.jar,htrace-core-3.2.0-incubating.jar --packages com.databricks:spark-xml_2.11:0.4.1 spark-shell
java_class_path (initial): /usr/work/spark/conf/:/usr/work/spark/jars/parquet-jackson-1.8.2.jar:/usr/work/spark/jars/curator-framework-2.6.0.jar:/usr/work/spark/jars/osgi-resource-locator-1.0.1.jar:/usr/work/spark/jars/hive-cli-1.2.1.spark2.jar:/usr/work/spark/jars/scala-reflect-2.11.8.jar:/usr/work/spark/jars/xz-1.0.jar:/usr/work/spark/jars/jets3t-0.9.3.jar:/usr/work/spark/jars/aopalliance-1.0.jar:/usr/work/spark/jars/htrace-core-3.1.0-incubating.jar:/usr/work/spark/jars/commons-pool-1.5.4.jar:/usr/work/spark/jars/libthrift-0.9.3.jar:/usr/work/spark/jars/json4s-core_2.11-3.2.11.jar:/usr/work/spark/jars/aopalliance-repackaged-2.4.0-b34.jar:/usr/work/spark/jars/commons-lang3-3.5.jar:/usr/work/spark/jars/avro-ipc-1.7.7.jar:/usr/work/spark/jars/javax.inject-1.jar:/usr/work/spark/jars/jodd-core-3.5.2.jar:/usr/work/spark/jars/scala-parser-combinators_2.11-1.0.4.jar:/usr/work/spark/jars/hadoop-yarn-common-2.7.3.jar:/usr/work/spark/jars/javax.inject-2.4.0-b34.jar:/usr/work/spark/jars/hadoop-hdfs-2.7.3.jar:/usr/work/spark/jars/hadoop-annotations-2.7.3.jar:/usr/work/spark/jars/commons-httpclient-3.1.jar:/usr/work/spark/jars/guice-servlet-3.0.jar:/usr/work/spark/jars/antlr4-runtime-4.5.3.jar:/usr/work/spark/jars/mx4j-3.0.2.jar:/usr/work/spark/jars/java-xmlbuilder-1.0.jar:/usr/work/spark/jars/commons-collections-3.2.2.jar:/usr/work/spark/jars/jackson-jaxrs-1.9.13.jar:/usr/work/spark/jars/jaxb-api-2.2.2.jar:/usr/work/spark/jars/hadoop-common-2.7.3.jar:/usr/work/spark/jars/RoaringBitmap-0.5.11.jar:/usr/work/spark/jars/spark-streaming_2.11-2.2.0.jar:/usr/work/spark/jars/mesos-1.0.0-shaded-protobuf.jar:/usr/work/spark/jars/datanucleus-api-jdo-3.2.6.jar:/usr/work/spark/jars/JavaEWAH-0.3.2.jar:/usr/work/spark/jars/curator-client-2.6.0.jar:/usr/work/spark/jars/commons-net-2.2.jar:/usr/work/spark/jars/zookeeper-3.4.6.jar:/usr/work/spark/jars/hive-metastore-1.2.1.spark2.jar:/usr/work/spark/jars/hadoop-mapreduce-client-shuffle-2.7.3.jar:/usr/work/spark/jars/commons-io-2.4.jar:/usr/wor
Launcher Type: SUN_STANDARD

Environment Variables:
JAVA_HOME=/usr/lib/jvm/java-8-oracle
PATH=/usr/local/sbin:/usr/local/bin:/usr/sbin:/usr/bin:/sbin:/bin:/usr/games:/usr/local/games:/snap/bin:/usr/lib/jvm/java-8-oracle/bin:/usr/lib/jvm/java-8-oracle/db/bin:/usr/lib/jvm/java-8-oracle/jre/bin:/usr/lib/jvm/java-8-oracle/bin:/usr/share/sbt/bin/sbt-launch.jar/bin:/usr/work/spark/bin:/usr/work/spark/sbin:/usr/work/hadoop/sbin:/usr/work/hadoop/bin:/usr/work/hive/bin:/usr/work/pig-0.17.0/bin:/usr/work/zookeeper/bin:/usr/work/hbase/bin:/usr/work/oozie/bin
SHELL=/bin/bash
DISPLAY=:0

Signal Handlers:
SIGSEGV: [libjvm.so+0xac8af0], sa_mask[0]=11111111011111111101111111111110, sa_flags=SA_RESTART|SA_SIGINFO
SIGBUS: [libjvm.so+0xac8af0], sa_mask[0]=11111111011111111101111111111110, sa_flags=SA_RESTART|SA_SIGINFO
SIGFPE: [libjvm.so+0x921dd0], sa_mask[0]=11111111011111111101111111111110, sa_flags=SA_RESTART|SA_SIGINFO
SIGPIPE: [libjvm.so+0x921dd0], sa_mask[0]=11111111011111111101111111111110, sa_flags=SA_RESTART|SA_SIGINFO
SIGXFSZ: [libjvm.so+0x921dd0], sa_mask[0]=11111111011111111101111111111110, sa_flags=SA_RESTART|SA_SIGINFO
SIGILL: [libjvm.so+0x921dd0], sa_mask[0]=11111111011111111101111111111110, sa_flags=SA_RESTART|SA_SIGINFO
SIGUSR1: SIG_DFL, sa_mask[0]=00000000000000000000000000000000, sa_flags=none
SIGUSR2: [libjvm.so+0x923610], sa_mask[0]=00000000000000000000000000000000, sa_flags=SA_RESTART|SA_SIGINFO
SIGHUP: [libjvm.so+0x924a10], sa_mask[0]=11111111011111111101111111111110, sa_flags=SA_RESTART|SA_SIGINFO
SIGINT: [libjvm.so+0x924a10], sa_mask[0]=11111111011111111101111111111110, sa_flags=SA_RESTART|SA_SIGINFO
SIGTERM: [libjvm.so+0x924a10], sa_mask[0]=11111111011111111101111111111110, sa_flags=SA_RESTART|SA_SIGINFO
SIGQUIT: [libjvm.so+0x924a10], sa_mask[0]=11111111011111111101111111111110, sa_flags=SA_RESTART|SA_SIGINFO


---------------  S Y S T E M  ---------------

OS:DISTRIB_ID=Ubuntu
DISTRIB_RELEASE=17.04
DISTRIB_CODENAME=zesty
DISTRIB_DESCRIPTION="Ubuntu 17.04"

uname:Linux 4.10.0-42-generic #46-Ubuntu SMP Mon Dec 4 14:38:01 UTC 2017 x86_64
libc:glibc 2.24 NPTL 2.24 
rlimit: STACK 8192k, CORE 0k, NPROC 15039, NOFILE 4096, AS infinity
load average:24.29 7.19 2.71

/proc/meminfo:
MemTotal:        3964708 kB
MemFree:           88664 kB
MemAvailable:          0 kB
Buffers:             720 kB
Cached:           145312 kB
SwapCached:         5780 kB
Active:          3032108 kB
Inactive:         613544 kB
Active(anon):    3024888 kB
Inactive(anon):   606384 kB
Active(file):       7220 kB
Inactive(file):     7160 kB
Unevictable:        1444 kB
Mlocked:            1444 kB
SwapTotal:       2097148 kB
SwapFree:             72 kB
Dirty:                56 kB
Writeback:          2340 kB
AnonPages:       3497632 kB
Mapped:            38464 kB
Shmem:            131216 kB
Slab:              90852 kB
SReclaimable:      38212 kB
SUnreclaim:        52640 kB
KernelStack:       23536 kB
PageTables:        56136 kB
NFS_Unstable:          0 kB
Bounce:                0 kB
WritebackTmp:          0 kB
CommitLimit:     4079500 kB
Committed_AS:   12054932 kB
VmallocTotal:   34359738367 kB
VmallocUsed:           0 kB
VmallocChunk:          0 kB
HardwareCorrupted:     0 kB
AnonHugePages:    962560 kB
ShmemHugePages:        0 kB
ShmemPmdMapped:        0 kB
CmaTotal:              0 kB
CmaFree:               0 kB
HugePages_Total:       0
HugePages_Free:        0
HugePages_Rsvd:        0
HugePages_Surp:        0
Hugepagesize:       2048 kB
DirectMap4k:      196352 kB
DirectMap2M:     3919872 kB
DirectMap1G:     1048576 kB


CPU:total 4 (initial active 4) (2 cores per cpu, 2 threads per core) family 6 model 69 stepping 1, cmov, cx8, fxsr, mmx, sse, sse2, sse3, ssse3, sse4.1, sse4.2, popcnt, avx, avx2, aes, clmul, erms, lzcnt, ht, tsc, tscinvbit, bmi1, bmi2

/proc/cpuinfo:
processor	: 0
vendor_id	: GenuineIntel
cpu family	: 6
model		: 69
model name	: Intel(R) Core(TM) i5-4210U CPU @ 1.70GHz
stepping	: 1
microcode	: 0x21
cpu MHz		: 2400.000
cache size	: 3072 KB
physical id	: 0
siblings	: 4
core id		: 0
cpu cores	: 2
apicid		: 0
initial apicid	: 0
fpu		: yes
fpu_exception	: yes
cpuid level	: 13
wp		: yes
flags		: fpu vme de pse tsc msr pae mce cx8 apic sep mtrr pge mca cmov pat pse36 clflush dts acpi mmx fxsr sse sse2 ss ht tm pbe syscall nx pdpe1gb rdtscp lm constant_tsc arch_perfmon pebs bts rep_good nopl xtopology nonstop_tsc aperfmperf pni pclmulqdq dtes64 monitor ds_cpl vmx est tm2 ssse3 sdbg fma cx16 xtpr pdcm pcid sse4_1 sse4_2 movbe popcnt tsc_deadline_timer aes xsave avx f16c rdrand lahf_lm abm epb tpr_shadow vnmi flexpriority ept vpid fsgsbase tsc_adjust bmi1 avx2 smep bmi2 erms invpcid xsaveopt dtherm ida arat pln pts
bugs		:
bogomips	: 4789.12
clflush size	: 64
cache_alignment	: 64
address sizes	: 39 bits physical, 48 bits virtual
power management:

processor	: 1
vendor_id	: GenuineIntel
cpu family	: 6
model		: 69
model name	: Intel(R) Core(TM) i5-4210U CPU @ 1.70GHz
stepping	: 1
microcode	: 0x21
cpu MHz		: 2399.853
cache size	: 3072 KB
physical id	: 0
siblings	: 4
core id		: 0
cpu cores	: 2
apicid		: 1
initial apicid	: 1
fpu		: yes
fpu_exception	: yes
cpuid level	: 13
wp		: yes
flags		: fpu vme de pse tsc msr pae mce cx8 apic sep mtrr pge mca cmov pat pse36 clflush dts acpi mmx fxsr sse sse2 ss ht tm pbe syscall nx pdpe1gb rdtscp lm constant_tsc arch_perfmon pebs bts rep_good nopl xtopology nonstop_tsc aperfmperf pni pclmulqdq dtes64 monitor ds_cpl vmx est tm2 ssse3 sdbg fma cx16 xtpr pdcm pcid sse4_1 sse4_2 movbe popcnt tsc_deadline_timer aes xsave avx f16c rdrand lahf_lm abm epb tpr_shadow vnmi flexpriority ept vpid fsgsbase tsc_adjust bmi1 avx2 smep bmi2 erms invpcid xsaveopt dtherm ida arat pln pts
bugs		:
bogomips	: 4789.12
clflush size	: 64
cache_alignment	: 64
address sizes	: 39 bits physical, 48 bits virtual
power management:

processor	: 2
vendor_id	: GenuineIntel
cpu family	: 6
model		: 69
model name	: Intel(R) Core(TM) i5-4210U CPU @ 1.70GHz
stepping	: 1
microcode	: 0x21
cpu MHz		: 2399.853
cache size	: 3072 KB
physical id	: 0
siblings	: 4
core id		: 1
cpu cores	: 2
apicid		: 2
initial apicid	: 2
fpu		: yes
fpu_exception	: yes
cpuid level	: 13
wp		: yes
flags		: fpu vme de pse tsc msr pae mce cx8 apic sep mtrr pge mca cmov pat pse36 clflush dts acpi mmx fxsr sse sse2 ss ht tm pbe syscall nx pdpe1gb rdtscp lm constant_tsc arch_perfmon pebs bts rep_good nopl xtopology nonstop_tsc aperfmperf pni pclmulqdq dtes64 monitor ds_cpl vmx est tm2 ssse3 sdbg fma cx16 xtpr pdcm pcid sse4_1 sse4_2 movbe popcnt tsc_deadline_timer aes xsave avx f16c rdrand lahf_lm abm epb tpr_shadow vnmi flexpriority ept vpid fsgsbase tsc_adjust bmi1 avx2 smep bmi2 erms invpcid xsaveopt dtherm ida arat pln pts
bugs		:
bogomips	: 4789.12
clflush size	: 64
cache_alignment	: 64
address sizes	: 39 bits physical, 48 bits virtual
power management:

processor	: 3
vendor_id	: GenuineIntel
cpu family	: 6
model		: 69
model name	: Intel(R) Core(TM) i5-4210U CPU @ 1.70GHz
stepping	: 1
microcode	: 0x21
cpu MHz		: 2400.000
cache size	: 3072 KB
physical id	: 0
siblings	: 4
core id		: 1
cpu cores	: 2
apicid		: 3
initial apicid	: 3
fpu		: yes
fpu_exception	: yes
cpuid level	: 13
wp		: yes
flags		: fpu vme de pse tsc msr pae mce cx8 apic sep mtrr pge mca cmov pat pse36 clflush dts acpi mmx fxsr sse sse2 ss ht tm pbe syscall nx pdpe1gb rdtscp lm constant_tsc arch_perfmon pebs bts rep_good nopl xtopology nonstop_tsc aperfmperf pni pclmulqdq dtes64 monitor ds_cpl vmx est tm2 ssse3 sdbg fma cx16 xtpr pdcm pcid sse4_1 sse4_2 movbe popcnt tsc_deadline_timer aes xsave avx f16c rdrand lahf_lm abm epb tpr_shadow vnmi flexpriority ept vpid fsgsbase tsc_adjust bmi1 avx2 smep bmi2 erms invpcid xsaveopt dtherm ida arat pln pts
bugs		:
bogomips	: 4789.12
clflush size	: 64
cache_alignment	: 64
address sizes	: 39 bits physical, 48 bits virtual
power management:



Memory: 4k page, physical 3964708k(88664k free), swap 2097148k(72k free)

vm_info: Java HotSpot(TM) 64-Bit Server VM (25.131-b11) for linux-amd64 JRE (1.8.0_131-b11), built on Mar 15 2017 01:23:40 by "java_re" with gcc 4.3.0 20080428 (Red Hat 4.3.0-8)

time: Wed Apr 11 14:46:04 2018
elapsed time: 82 seconds (0d 0h 1m 22s)

