#
# There is insufficient memory for the Java Runtime Environment to continue.
# Native memory allocation (mmap) failed to map 45613056 bytes for committing reserved memory.
# Possible reasons:
#   The system is out of physical RAM or swap space
#   In 32 bit mode, the process size limit was hit
# Possible solutions:
#   Reduce memory load on the system
#   Increase physical memory or swap space
#   Check if swap backing store is full
#   Use 64 bit Java on a 64 bit OS
#   Decrease Java heap size (-Xmx/-Xms)
#   Decrease number of Java threads
#   Decrease Java thread stack sizes (-Xss)
#   Set larger code cache with -XX:ReservedCodeCacheSize=
# This output file may be truncated or incomplete.
#
#  Out of Memory Error (os_linux.cpp:2640), pid=20172, tid=0x00007f26495f5700
#
# JRE version: Java(TM) SE Runtime Environment (8.0_131-b11) (build 1.8.0_131-b11)
# Java VM: Java HotSpot(TM) 64-Bit Server VM (25.131-b11 mixed mode linux-amd64 compressed oops)
# Failed to write core dump. Core dumps have been disabled. To enable core dumping, try "ulimit -c unlimited" before starting Java again
#

---------------  T H R E A D  ---------------

Current thread (0x00007f266007c800):  VMThread [stack: 0x00007f26494f5000,0x00007f26495f6000] [id=20194]

Stack: [0x00007f26494f5000,0x00007f26495f6000],  sp=0x00007f26495f43a0,  free space=1020k
Native frames: (J=compiled Java code, j=interpreted, Vv=VM code, C=native code)
V  [libjvm.so+0xac826a]  VMError::report_and_die()+0x2ba
V  [libjvm.so+0x4fd4cb]  report_vm_out_of_memory(char const*, int, unsigned long, VMErrorType, char const*)+0x8b
V  [libjvm.so+0x924f53]  os::Linux::commit_memory_impl(char*, unsigned long, bool)+0x103
V  [libjvm.so+0x9254a9]  os::pd_commit_memory(char*, unsigned long, unsigned long, bool)+0x29
V  [libjvm.so+0x91f6ca]  os::commit_memory(char*, unsigned long, unsigned long, bool)+0x2a
V  [libjvm.so+0x9941e3]  PSVirtualSpace::expand_by(unsigned long)+0x53
V  [libjvm.so+0x984aa0]  PSOldGen::expand(unsigned long)+0x170
V  [libjvm.so+0x984cab]  PSOldGen::resize(unsigned long)+0x1cb
V  [libjvm.so+0x98c9b1]  PSParallelCompact::invoke_no_policy(bool)+0x991
V  [libjvm.so+0x99230d]  PSScavenge::invoke()+0x1ad
V  [libjvm.so+0x948f00]  ParallelScavengeHeap::failed_mem_allocate(unsigned long)+0x70
V  [libjvm.so+0xac9c87]  VM_ParallelGCFailedAllocation::doit()+0x97
V  [libjvm.so+0xad1765]  VM_Operation::evaluate()+0x55
V  [libjvm.so+0xacfb3a]  VMThread::evaluate_operation(VM_Operation*)+0xba
V  [libjvm.so+0xacfebe]  VMThread::loop()+0x1ce
V  [libjvm.so+0xad0330]  VMThread::run()+0x70
V  [libjvm.so+0x927568]  java_start(Thread*)+0x108

VM_Operation (0x00007f2642a5ecf0): ParallelGCFailedAllocation, mode: safepoint, requested by thread 0x00007f2661525800


---------------  P R O C E S S  ---------------

Java Threads: ( => current thread )
  0x00007f2661525800 JavaThread "ForkJoinPool-1-worker-5" daemon [_thread_blocked, id=20216, stack(0x00007f2642964000,0x00007f2642a65000)]
  0x00007f26614a1000 JavaThread "NonBlockingInputStreamThread" daemon [_thread_blocked, id=20215, stack(0x00007f2642c65000,0x00007f2642d66000)]
  0x00007f266149f800 JavaThread "process reaper" daemon [_thread_blocked, id=20206, stack(0x00007f2642d66000,0x00007f2642d9f000)]
  0x00007f26600cd800 JavaThread "Service Thread" daemon [_thread_blocked, id=20201, stack(0x00007f2648b13000,0x00007f2648c14000)]
  0x00007f26600c2800 JavaThread "C1 CompilerThread2" daemon [_thread_blocked, id=20200, stack(0x00007f2648c14000,0x00007f2648d15000)]
  0x00007f26600c0800 JavaThread "C2 CompilerThread1" daemon [_thread_blocked, id=20199, stack(0x00007f2648d15000,0x00007f2648e16000)]
  0x00007f26600bd800 JavaThread "C2 CompilerThread0" daemon [_thread_blocked, id=20198, stack(0x00007f2648e16000,0x00007f2648f17000)]
  0x00007f26600b9800 JavaThread "Signal Dispatcher" daemon [_thread_blocked, id=20197, stack(0x00007f2648f17000,0x00007f2649018000)]
  0x00007f2660088800 JavaThread "Finalizer" daemon [_thread_blocked, id=20196, stack(0x00007f26492f3000,0x00007f26493f4000)]
  0x00007f2660084000 JavaThread "Reference Handler" daemon [_thread_blocked, id=20195, stack(0x00007f26493f4000,0x00007f26494f5000)]
  0x00007f266000e800 JavaThread "main" [_thread_blocked, id=20189, stack(0x00007f2667bfa000,0x00007f2667cfb000)]

Other Threads:
=>0x00007f266007c800 VMThread [stack: 0x00007f26494f5000,0x00007f26495f6000] [id=20194]
  0x00007f26600d0800 WatcherThread [stack: 0x00007f2648a12000,0x00007f2648b13000] [id=20202]

VM state:at safepoint (normal execution)

VM Mutex/Monitor currently owned by a thread:  ([mutex/lock_event])
[0x00007f266000a5b0] ExpandHeap_lock - owner thread: 0x00007f266007c800
[0x00007f266000ac30] Threads_lock - owner thread: 0x00007f266007c800
[0x00007f266000b130] Heap_lock - owner thread: 0x00007f2661525800

Heap:
 PSYoungGen      total 48640K, used 0K [0x00000000eab00000, 0x00000000ef080000, 0x0000000100000000)
  eden space 30720K, 0% used [0x00000000eab00000,0x00000000eab00000,0x00000000ec900000)
  from space 17920K, 0% used [0x00000000ec900000,0x00000000ec900000,0x00000000eda80000)
  to   space 17408K, 0% used [0x00000000edf80000,0x00000000edf80000,0x00000000ef080000)
 ParOldGen       total 80896K, used 79290K [0x00000000c0000000, 0x00000000c4f00000, 0x00000000eab00000)
  object space 80896K, 98% used [0x00000000c0000000,0x00000000c4d6e9d8,0x00000000c4f00000)
 Metaspace       used 29496K, capacity 29696K, committed 30080K, reserved 1075200K
  class space    used 4255K, capacity 4354K, committed 4480K, reserved 1048576K

Card table byte_map: [0x00007f26647a1000,0x00007f26649a2000] byte_map_base: 0x00007f26641a1000

Marking Bits: (ParMarkBitMap*) 0x00007f26670cdf60
 Begin Bits: [0x00007f264a000000, 0x00007f264b000000)
 End Bits:   [0x00007f264b000000, 0x00007f264c000000)

Polling page: 0x00007f2667d1b000

CodeCache: size=245760Kb used=6131Kb max_used=6135Kb free=239628Kb
 bounds [0x00007f2651000000, 0x00007f2651610000, 0x00007f2660000000]
 total_blobs=2539 nmethods=2167 adapters=283
 compilation: enabled

Compilation events (10 events):
Event: 19.105 Thread 0x00007f26600c2800 2188       1       scala.collection.mutable.ArrayBuilder$ofInt::elems (5 bytes)
Event: 19.105 Thread 0x00007f26600c2800 nmethod 2188 0x00007f26515ff090 code [0x00007f26515ff1e0, 0x00007f26515ff2f0]
Event: 19.124 Thread 0x00007f26600c2800 2189       3       scala.runtime.BoxesRunTime::hashFromNumber (50 bytes)
Event: 19.125 Thread 0x00007f26600c2800 nmethod 2189 0x00007f26515fdf90 code [0x00007f26515fe180, 0x00007f26515fede8]
Event: 19.326 Thread 0x00007f26600c0800 2190       4       java.io.File::isInvalid (47 bytes)
Event: 19.328 Thread 0x00007f26600c0800 nmethod 2190 0x00007f26515fc3d0 code [0x00007f26515fc520, 0x00007f26515fc6d8]
Event: 19.629 Thread 0x00007f26600c2800 2191       1       java.util.zip.ZStreamRef::address (5 bytes)
Event: 19.629 Thread 0x00007f26600c2800 nmethod 2191 0x00007f26515fcc10 code [0x00007f26515fcd60, 0x00007f26515fce70]
Event: 20.006 Thread 0x00007f26600c2800 2192       3       scala.collection.immutable.StringOps::<init> (50 bytes)
Event: 20.007 Thread 0x00007f26600c2800 nmethod 2192 0x00007f2651601050 code [0x00007f2651601200, 0x00007f2651601750]

GC Heap History (10 events):
Event: 15.160 GC heap after
Heap after GC invocations=20 (full 2):
 PSYoungGen      total 39424K, used 11184K [0x00000000eab00000, 0x00000000ee300000, 0x0000000100000000)
  eden space 25600K, 0% used [0x00000000eab00000,0x00000000eab00000,0x00000000ec400000)
  from space 13824K, 80% used [0x00000000ed300000,0x00000000eddec010,0x00000000ee080000)
  to   space 15360K, 0% used [0x00000000ec400000,0x00000000ec400000,0x00000000ed300000)
 ParOldGen       total 48128K, used 40234K [0x00000000c0000000, 0x00000000c2f00000, 0x00000000eab00000)
  object space 48128K, 83% used [0x00000000c0000000,0x00000000c274aa48,0x00000000c2f00000)
 Metaspace       used 25562K, capacity 25756K, committed 25984K, reserved 1071104K
  class space    used 3826K, capacity 3874K, committed 3968K, reserved 1048576K
}
Event: 15.160 GC heap before
{Heap before GC invocations=21 (full 3):
 PSYoungGen      total 39424K, used 11184K [0x00000000eab00000, 0x00000000ee300000, 0x0000000100000000)
  eden space 25600K, 0% used [0x00000000eab00000,0x00000000eab00000,0x00000000ec400000)
  from space 13824K, 80% used [0x00000000ed300000,0x00000000eddec010,0x00000000ee080000)
  to   space 15360K, 0% used [0x00000000ec400000,0x00000000ec400000,0x00000000ed300000)
 ParOldGen       total 48128K, used 40234K [0x00000000c0000000, 0x00000000c2f00000, 0x00000000eab00000)
  object space 48128K, 83% used [0x00000000c0000000,0x00000000c274aa48,0x00000000c2f00000)
 Metaspace       used 25562K, capacity 25756K, committed 25984K, reserved 1071104K
  class space    used 3826K, capacity 3874K, committed 3968K, reserved 1048576K
Event: 15.319 GC heap after
Heap after GC invocations=21 (full 3):
 PSYoungGen      total 39424K, used 3441K [0x00000000eab00000, 0x00000000ee300000, 0x0000000100000000)
  eden space 25600K, 0% used [0x00000000eab00000,0x00000000eab00000,0x00000000ec400000)
  from space 13824K, 24% used [0x00000000ed300000,0x00000000ed65c7f8,0x00000000ee080000)
  to   space 15360K, 0% used [0x00000000ec400000,0x00000000ec400000,0x00000000ed300000)
 ParOldGen       total 80896K, used 47697K [0x00000000c0000000, 0x00000000c4f00000, 0x00000000eab00000)
  object space 80896K, 58% used [0x00000000c0000000,0x00000000c2e94730,0x00000000c4f00000)
 Metaspace       used 25562K, capacity 25756K, committed 25984K, reserved 1071104K
  class space    used 3826K, capacity 3874K, committed 3968K, reserved 1048576K
}
Event: 16.261 GC heap before
{Heap before GC invocations=22 (full 3):
 PSYoungGen      total 39424K, used 29041K [0x00000000eab00000, 0x00000000ee300000, 0x0000000100000000)
  eden space 25600K, 100% used [0x00000000eab00000,0x00000000ec400000,0x00000000ec400000)
  from space 13824K, 24% used [0x00000000ed300000,0x00000000ed65c7f8,0x00000000ee080000)
  to   space 15360K, 0% used [0x00000000ec400000,0x00000000ec400000,0x00000000ed300000)
 ParOldGen       total 80896K, used 47697K [0x00000000c0000000, 0x00000000c4f00000, 0x00000000eab00000)
  object space 80896K, 58% used [0x00000000c0000000,0x00000000c2e94730,0x00000000c4f00000)
 Metaspace       used 25566K, capacity 25756K, committed 25984K, reserved 1071104K
  class space    used 3826K, capacity 3874K, committed 3968K, reserved 1048576K
Event: 16.287 GC heap after
Heap after GC invocations=22 (full 3):
 PSYoungGen      total 40960K, used 14336K [0x00000000eab00000, 0x00000000eeb80000, 0x0000000100000000)
  eden space 25600K, 0% used [0x00000000eab00000,0x00000000eab00000,0x00000000ec400000)
  from space 15360K, 93% used [0x00000000ec400000,0x00000000ed200000,0x00000000ed300000)
  to   space 17408K, 0% used [0x00000000eda80000,0x00000000eda80000,0x00000000eeb80000)
 ParOldGen       total 80896K, used 51181K [0x00000000c0000000, 0x00000000c4f00000, 0x00000000eab00000)
  object space 80896K, 63% used [0x00000000c0000000,0x00000000c31fb750,0x00000000c4f00000)
 Metaspace       used 25566K, capacity 25756K, committed 25984K, reserved 1071104K
  class space    used 3826K, capacity 3874K, committed 3968K, reserved 1048576K
}
Event: 18.127 GC heap before
{Heap before GC invocations=23 (full 3):
 PSYoungGen      total 40960K, used 39936K [0x00000000eab00000, 0x00000000eeb80000, 0x0000000100000000)
  eden space 25600K, 100% used [0x00000000eab00000,0x00000000ec400000,0x00000000ec400000)
  from space 15360K, 93% used [0x00000000ec400000,0x00000000ed200000,0x00000000ed300000)
  to   space 17408K, 0% used [0x00000000eda80000,0x00000000eda80000,0x00000000eeb80000)
 ParOldGen       total 80896K, used 51181K [0x00000000c0000000, 0x00000000c4f00000, 0x00000000eab00000)
  object space 80896K, 63% used [0x00000000c0000000,0x00000000c31fb750,0x00000000c4f00000)
 Metaspace       used 26466K, capacity 26652K, committed 26880K, reserved 1073152K
  class space    used 3929K, capacity 4002K, committed 4096K, reserved 1048576K
Event: 18.158 GC heap after
Heap after GC invocations=23 (full 3):
 PSYoungGen      total 48128K, used 11202K [0x00000000eab00000, 0x00000000eec00000, 0x0000000100000000)
  eden space 30720K, 0% used [0x00000000eab00000,0x00000000eab00000,0x00000000ec900000)
  from space 17408K, 64% used [0x00000000eda80000,0x00000000ee570b08,0x00000000eeb80000)
  to   space 17920K, 0% used [0x00000000ec900000,0x00000000ec900000,0x00000000eda80000)
 ParOldGen       total 80896K, used 65489K [0x00000000c0000000, 0x00000000c4f00000, 0x00000000eab00000)
  object space 80896K, 80% used [0x00000000c0000000,0x00000000c3ff47f0,0x00000000c4f00000)
 Metaspace       used 26466K, capacity 26652K, committed 26880K, reserved 1073152K
  class space    used 3929K, capacity 4002K, committed 4096K, reserved 1048576K
}
Event: 20.139 GC heap before
{Heap before GC invocations=24 (full 3):
 PSYoungGen      total 48128K, used 41922K [0x00000000eab00000, 0x00000000eec00000, 0x0000000100000000)
  eden space 30720K, 100% used [0x00000000eab00000,0x00000000ec900000,0x00000000ec900000)
  from space 17408K, 64% used [0x00000000eda80000,0x00000000ee570b08,0x00000000eeb80000)
  to   space 17920K, 0% used [0x00000000ec900000,0x00000000ec900000,0x00000000eda80000)
 ParOldGen       total 80896K, used 65489K [0x00000000c0000000, 0x00000000c4f00000, 0x00000000eab00000)
  object space 80896K, 80% used [0x00000000c0000000,0x00000000c3ff47f0,0x00000000c4f00000)
 Metaspace       used 29496K, capacity 29696K, committed 30080K, reserved 1075200K
  class space    used 4255K, capacity 4354K, committed 4480K, reserved 1048576K
Event: 20.157 GC heap after
Heap after GC invocations=24 (full 3):
 PSYoungGen      total 48640K, used 3650K [0x00000000eab00000, 0x00000000ef080000, 0x0000000100000000)
  eden space 30720K, 0% used [0x00000000eab00000,0x00000000eab00000,0x00000000ec900000)
  from space 17920K, 20% used [0x00000000ec900000,0x00000000ecc90b78,0x00000000eda80000)
  to   space 17408K, 0% used [0x00000000edf80000,0x00000000edf80000,0x00000000ef080000)
 ParOldGen       total 80896K, used 76130K [0x00000000c0000000, 0x00000000c4f00000, 0x00000000eab00000)
  object space 80896K, 94% used [0x00000000c0000000,0x00000000c4a58860,0x00000000c4f00000)
 Metaspace       used 29496K, capacity 29696K, committed 30080K, reserved 1075200K
  class space    used 4255K, capacity 4354K, committed 4480K, reserved 1048576K
}
Event: 20.165 GC heap before
{Heap before GC invocations=25 (full 4):
 PSYoungGen      total 48640K, used 3650K [0x00000000eab00000, 0x00000000ef080000, 0x0000000100000000)
  eden space 30720K, 0% used [0x00000000eab00000,0x00000000eab00000,0x00000000ec900000)
  from space 17920K, 20% used [0x00000000ec900000,0x00000000ecc90b78,0x00000000eda80000)
  to   space 17408K, 0% used [0x00000000edf80000,0x00000000edf80000,0x00000000ef080000)
 ParOldGen       total 80896K, used 76130K [0x00000000c0000000, 0x00000000c4f00000, 0x00000000eab00000)
  object space 80896K, 94% used [0x00000000c0000000,0x00000000c4a58860,0x00000000c4f00000)
 Metaspace       used 29496K, capacity 29696K, committed 30080K, reserved 1075200K
  class space    used 4255K, capacity 4354K, committed 4480K, reserved 1048576K

Deoptimization events (10 events):
Event: 18.409 Thread 0x00007f2661525800 Uncommon trap: reason=speculate_class_check action=maybe_recompile pc=0x00007f265139e67c method=scala.collection.LinearSeqOptimized$class.last(Lscala/collection/LinearSeqOptimized;)Ljava/lang/Object; @ 30
Event: 18.462 Thread 0x00007f2661525800 Uncommon trap: reason=speculate_class_check action=maybe_recompile pc=0x00007f265139e67c method=scala.collection.LinearSeqOptimized$class.last(Lscala/collection/LinearSeqOptimized;)Ljava/lang/Object; @ 30
Event: 18.625 Thread 0x00007f2661525800 Uncommon trap: reason=class_check action=maybe_recompile pc=0x00007f26514b2e88 method=scala.collection.mutable.HashTable$class.elemEquals(Lscala/collection/mutable/HashTable;Ljava/lang/Object;Ljava/lang/Object;)Z @ 55
Event: 18.626 Thread 0x00007f2661525800 Uncommon trap: reason=speculate_class_check action=maybe_recompile pc=0x00007f265139e67c method=scala.collection.LinearSeqOptimized$class.last(Lscala/collection/LinearSeqOptimized;)Ljava/lang/Object; @ 30
Event: 18.626 Thread 0x00007f2661525800 Uncommon trap: reason=class_check action=maybe_recompile pc=0x00007f26514b2e88 method=scala.collection.mutable.HashTable$class.elemEquals(Lscala/collection/mutable/HashTable;Ljava/lang/Object;Ljava/lang/Object;)Z @ 55
Event: 18.626 Thread 0x00007f2661525800 Uncommon trap: reason=speculate_class_check action=maybe_recompile pc=0x00007f265139e67c method=scala.collection.LinearSeqOptimized$class.last(Lscala/collection/LinearSeqOptimized;)Ljava/lang/Object; @ 30
Event: 18.627 Thread 0x00007f2661525800 Uncommon trap: reason=class_check action=maybe_recompile pc=0x00007f26514b2e88 method=scala.collection.mutable.HashTable$class.elemEquals(Lscala/collection/mutable/HashTable;Ljava/lang/Object;Ljava/lang/Object;)Z @ 55
Event: 18.627 Thread 0x00007f2661525800 Uncommon trap: reason=class_check action=maybe_recompile pc=0x00007f26514b2e88 method=scala.collection.mutable.HashTable$class.elemEquals(Lscala/collection/mutable/HashTable;Ljava/lang/Object;Ljava/lang/Object;)Z @ 55
Event: 18.833 Thread 0x00007f2661525800 Uncommon trap: reason=class_check action=maybe_recompile pc=0x00007f26515c8538 method=scala.collection.generic.GenericCompanion.apply(Lscala/collection/Seq;)Lscala/collection/GenTraversable; @ 17
Event: 18.864 Thread 0x00007f2661525800 Uncommon trap: reason=class_check action=maybe_recompile pc=0x00007f26514c0eb0 method=scala.collection.mutable.HashTable$class.elemEquals(Lscala/collection/mutable/HashTable;Ljava/lang/Object;Ljava/lang/Object;)Z @ 55

Internal exceptions (10 events):
Event: 5.486 Thread 0x00007f266000e800 Exception <a 'java/lang/ClassNotFoundException': org/apache/log4j/PatternLayoutCustomizer> (0x00000000eafb5d40) thrown at [/HUDSON/workspace/8-2-build-linux-amd64/jdk8u131/8869/hotspot/src/share/vm/classfile/systemDictionary.cpp, line 210]
Event: 5.488 Thread 0x00007f266000e800 Exception <a 'java/lang/ClassNotFoundException': org/apache/log4j/ConsoleAppenderBeanInfo> (0x00000000eafe3ed8) thrown at [/HUDSON/workspace/8-2-build-linux-amd64/jdk8u131/8869/hotspot/src/share/vm/classfile/systemDictionary.cpp, line 210]
Event: 5.489 Thread 0x00007f266000e800 Exception <a 'java/lang/ClassNotFoundException': org/apache/log4j/WriterAppenderBeanInfo> (0x00000000eb009c38) thrown at [/HUDSON/workspace/8-2-build-linux-amd64/jdk8u131/8869/hotspot/src/share/vm/classfile/systemDictionary.cpp, line 210]
Event: 5.489 Thread 0x00007f266000e800 Exception <a 'java/lang/ClassNotFoundException': org/apache/log4j/AppenderSkeletonBeanInfo> (0x00000000eb030830) thrown at [/HUDSON/workspace/8-2-build-linux-amd64/jdk8u131/8869/hotspot/src/share/vm/classfile/systemDictionary.cpp, line 210]
Event: 5.490 Thread 0x00007f266000e800 Exception <a 'java/lang/ClassNotFoundException': org/apache/log4j/AppenderSkeletonCustomizer> (0x00000000eb059b88) thrown at [/HUDSON/workspace/8-2-build-linux-amd64/jdk8u131/8869/hotspot/src/share/vm/classfile/systemDictionary.cpp, line 210]
Event: 5.493 Thread 0x00007f266000e800 Exception <a 'java/lang/ClassNotFoundException': org/apache/log4j/WriterAppenderCustomizer> (0x00000000eb098968) thrown at [/HUDSON/workspace/8-2-build-linux-amd64/jdk8u131/8869/hotspot/src/share/vm/classfile/systemDictionary.cpp, line 210]
Event: 5.494 Thread 0x00007f266000e800 Exception <a 'java/lang/ClassNotFoundException': org/apache/log4j/ConsoleAppenderCustomizer> (0x00000000eb0cbba8) thrown at [/HUDSON/workspace/8-2-build-linux-amd64/jdk8u131/8869/hotspot/src/share/vm/classfile/systemDictionary.cpp, line 210]
Event: 10.646 Thread 0x00007f266000e800 Exception <a 'java/io/FileNotFoundException'> (0x00000000eb4f9e28) thrown at [/HUDSON/workspace/8-2-build-linux-amd64/jdk8u131/8869/hotspot/src/share/vm/prims/jni.cpp, line 709]
Event: 10.818 Thread 0x00007f266000e800 Exception <a 'java/lang/NoSuchFieldError': method resolution failed> (0x00000000eb613050) thrown at [/HUDSON/workspace/8-2-build-linux-amd64/jdk8u131/8869/hotspot/src/share/vm/prims/methodHandles.cpp, line 1146]
Event: 10.820 Thread 0x00007f266000e800 Exception <a 'java/lang/NoSuchFieldError': method resolution failed> (0x00000000eb620b10) thrown at [/HUDSON/workspace/8-2-build-linux-amd64/jdk8u131/8869/hotspot/src/share/vm/prims/methodHandles.cpp, line 1146]

Events (10 events):
Event: 20.095 loading class scala/tools/nsc/backend/opt/ClosureElimination$$anon$1 done
Event: 20.096 loading class scala/tools/nsc/backend/icode/analysis/Liveness
Event: 20.096 loading class scala/tools/nsc/backend/icode/analysis/Liveness done
Event: 20.118 loading class scala/tools/nsc/backend/icode/ICodes$liveness$
Event: 20.118 loading class scala/tools/nsc/backend/icode/ICodes$liveness$ done
Event: 20.119 loading class scala/tools/nsc/backend/icode/TypeKinds$TypeKind
Event: 20.119 loading class scala/tools/nsc/backend/icode/TypeKinds$TypeKind done
Event: 20.139 loading class scala/tools/nsc/backend/icode/TypeKinds$REFERENCE
Event: 20.139 loading class scala/tools/nsc/backend/icode/TypeKinds$REFERENCE done
Event: 20.139 Executing VM operation: ParallelGCFailedAllocation


Dynamic libraries:
00400000-00401000 r-xp 00000000 08:02 3148948                            /usr/lib/jvm/java-8-oracle/bin/java
00600000-00601000 rw-p 00000000 08:02 3148948                            /usr/lib/jvm/java-8-oracle/bin/java
01870000-01891000 rw-p 00000000 00:00 0                                  [heap]
c0000000-c4f00000 rw-p 00000000 00:00 0 
c7a80000-eab00000 ---p 00000000 00:00 0 
eab00000-ef080000 rw-p 00000000 00:00 0 
ef080000-100000000 ---p 00000000 00:00 0 
100000000-100460000 rw-p 00000000 00:00 0 
100460000-140000000 ---p 00000000 00:00 0 
7f2604000000-7f260421d000 rw-p 00000000 00:00 0 
7f260421d000-7f2608000000 ---p 00000000 00:00 0 
7f260c000000-7f260c021000 rw-p 00000000 00:00 0 
7f260c021000-7f2610000000 ---p 00000000 00:00 0 
7f2610000000-7f2610021000 rw-p 00000000 00:00 0 
7f2610021000-7f2614000000 ---p 00000000 00:00 0 
7f2614000000-7f2614021000 rw-p 00000000 00:00 0 
7f2614021000-7f2618000000 ---p 00000000 00:00 0 
7f2618000000-7f2618021000 rw-p 00000000 00:00 0 
7f2618021000-7f261c000000 ---p 00000000 00:00 0 
7f261c000000-7f261c7a7000 rw-p 00000000 00:00 0 
7f261c7a7000-7f2620000000 ---p 00000000 00:00 0 
7f2620000000-7f2620310000 rw-p 00000000 00:00 0 
7f2620310000-7f2624000000 ---p 00000000 00:00 0 
7f2624000000-7f2624021000 rw-p 00000000 00:00 0 
7f2624021000-7f2628000000 ---p 00000000 00:00 0 
7f2628000000-7f262a26b000 rw-p 00000000 00:00 0 
7f262a26b000-7f262c000000 ---p 00000000 00:00 0 
7f262c000000-7f262c021000 rw-p 00000000 00:00 0 
7f262c021000-7f2630000000 ---p 00000000 00:00 0 
7f2630000000-7f2630021000 rw-p 00000000 00:00 0 
7f2630021000-7f2634000000 ---p 00000000 00:00 0 
7f2634000000-7f263405c000 rw-p 00000000 00:00 0 
7f263405c000-7f2638000000 ---p 00000000 00:00 0 
7f2638000000-7f26382a6000 rw-p 00000000 00:00 0 
7f26382a6000-7f263c000000 ---p 00000000 00:00 0 
7f263c000000-7f263c021000 rw-p 00000000 00:00 0 
7f263c021000-7f2640000000 ---p 00000000 00:00 0 
7f264245d000-7f264255d000 rw-p 00000000 00:00 0 
7f264255d000-7f264265d000 ---p 00000000 00:00 0 
7f264265d000-7f264285d000 rw-p 00000000 00:00 0 
7f264285d000-7f264285f000 r--s 00009000 08:02 3803753                    /usr/lib/jvm/java-8-oracle/jre/lib/ext/sunec.jar
7f264285f000-7f2642860000 r--s 0000a000 08:02 3803757                    /usr/lib/jvm/java-8-oracle/jre/lib/ext/jaccess.jar
7f2642860000-7f2642861000 r--s 00010000 08:02 3803759                    /usr/lib/jvm/java-8-oracle/jre/lib/ext/zipfs.jar
7f2642861000-7f26428f7000 r--s 0110d000 08:02 3803756                    /usr/lib/jvm/java-8-oracle/jre/lib/ext/jfxrt.jar
7f26428f7000-7f26428f9000 r--s 00001000 08:02 3803754                    /usr/lib/jvm/java-8-oracle/jre/lib/ext/dnsns.jar
7f26428f9000-7f2642914000 r--s 001d3000 08:02 3803758                    /usr/lib/jvm/java-8-oracle/jre/lib/ext/nashorn.jar
7f2642914000-7f264291a000 r--s 0003f000 08:02 3803763                    /usr/lib/jvm/java-8-oracle/jre/lib/ext/sunjce_provider.jar
7f264291a000-7f2642924000 r--s 00116000 08:02 3803762                    /usr/lib/jvm/java-8-oracle/jre/lib/ext/localedata.jar
7f2642924000-7f2642940000 r--s 00393000 08:02 3803755                    /usr/lib/jvm/java-8-oracle/jre/lib/ext/cldrdata.jar
7f2642940000-7f2642944000 r--s 0003a000 08:02 3803760                    /usr/lib/jvm/java-8-oracle/jre/lib/ext/sunpkcs11.jar
7f2642944000-7f2642949000 r--s 00084000 08:02 3803616                    /usr/lib/jvm/java-8-oracle/jre/lib/jfr.jar
7f2642949000-7f264294e000 r--s 002f9000 08:02 3803697                    /usr/lib/jvm/java-8-oracle/jre/lib/charsets.jar
7f264294e000-7f2642951000 r--s 0001a000 08:02 3803777                    /usr/lib/jvm/java-8-oracle/jre/lib/jce.jar
7f2642951000-7f2642964000 r--s 00345000 08:02 3803737                    /usr/lib/jvm/java-8-oracle/jre/lib/resources.jar
7f2642964000-7f2642967000 ---p 00000000 00:00 0 
7f2642967000-7f2642c65000 rw-p 00000000 00:00 0 
7f2642c65000-7f2642c68000 ---p 00000000 00:00 0 
7f2642c68000-7f2642d66000 rw-p 00000000 00:00 0 
7f2642d66000-7f2642d69000 ---p 00000000 00:00 0 
7f2642d69000-7f2642f9f000 rw-p 00000000 00:00 0 
7f2642f9f000-7f264319f000 rw-p 00000000 00:00 0 
7f264319f000-7f264339f000 rw-p 00000000 00:00 0 
7f264339f000-7f26433a4000 r--s 00031000 08:02 18747177                   /home/sam/.ivy2/jars/com.databricks_spark-xml_2.11-0.4.1.jar
7f26433a4000-7f26433bd000 r--s 00152000 08:02 17447211                   /home/sam/work/p2/jars/htrace-core-3.2.0-incubating.jar
7f26433bd000-7f26433c9000 r--s 000b7000 08:02 22151304                   /home/sam/work/p2/jars/zookeeper.jar
7f26433c9000-7f26433cc000 r--s 0001a000 08:02 22151305                   /home/sam/work/p2/jars/hbase-hadoop2-compat.jar
7f26433cc000-7f264340d000 r--s 00476000 08:02 22151301                   /home/sam/work/p2/jars/hbase-protocol.jar
7f264340d000-7f2643420000 r--s 00143000 08:02 22151300                   /home/sam/work/p2/jars/hbase-client.jar
7f2643420000-7f2643458000 r--s 00426000 08:02 22151253                   /home/sam/work/p2/jars/hbase-server.jar
7f2643458000-7f2643461000 r--s 00084000 08:02 22151306                   /home/sam/work/p2/jars/hbase-common.jar
7f2643461000-7f2643463000 r--s 00004000 08:02 22151307                   /home/sam/work/p2/jars/hbase-annotations.jar
7f2643463000-7f2643663000 rw-p 00000000 00:00 0 
7f2643663000-7f2643863000 rw-p 00000000 00:00 0 
7f2643863000-7f2643868000 r--s 0009a000 08:02 3803751                    /usr/lib/jvm/java-8-oracle/jre/lib/jsse.jar
7f2643868000-7f2643870000 r--s 00058000 08:02 18481932                   /usr/work/spark/jars/parquet-format-2.3.1.jar
7f2643870000-7f2643871000 r--s 00004000 08:02 18482924                   /usr/work/spark/jars/eigenbase-properties-1.1.5.jar
7f2643871000-7f264387b000 r--s 00095000 08:02 18482941                   /usr/work/spark/jars/scala-xml_2.11-1.0.2.jar
7f264387b000-7f264387d000 r--s 0001f000 08:02 18483004                   /usr/work/spark/jars/commons-crypto-1.0.0.jar
7f264387d000-7f2643896000 r--s 0012c000 08:02 18483047                   /usr/work/spark/jars/netty-3.9.9.Final.jar
7f2643896000-7f2643898000 r--s 00009000 08:02 18483022                   /usr/work/spark/jars/commons-cli-1.2.jar
7f2643898000-7f2643922000 r--s 00641000 08:02 18481948                   /usr/work/spark/jars/spark-sql_2.11-2.2.0.jar
7f2643922000-7f2643924000 r--s 00009000 08:02 18482970                   /usr/work/spark/jars/jackson-module-paranamer-2.6.5.jar
7f2643924000-7f2643926000 r--s 00003000 08:02 18483026                   /usr/work/spark/jars/base64-2.3.8.jar
7f2643926000-7f264392a000 r--s 00036000 08:02 18483034                   /usr/work/spark/jars/ST4-4.0.4.jar
7f264392a000-7f264392d000 r--s 0000d000 08:02 18482942                   /usr/work/spark/jars/spark-network-shuffle_2.11-2.2.0.jar
7f264392d000-7f2643b2d000 rw-p 00000000 00:00 0 
7f2643b2d000-7f2643b43000 r-xp 00000000 08:02 4064148                    /usr/lib/jvm/java-8-oracle/jre/lib/amd64/libnet.so
7f2643b43000-7f2643d43000 ---p 00016000 08:02 4064148                    /usr/lib/jvm/java-8-oracle/jre/lib/amd64/libnet.so
7f2643d43000-7f2643d44000 rw-p 00016000 08:02 4064148                    /usr/lib/jvm/java-8-oracle/jre/lib/amd64/libnet.so
7f2643d44000-7f2643d5a000 r--s 00124000 08:02 18483012                   /usr/work/spark/jars/ivy-2.4.0.jar
7f2643d5a000-7f2643d5e000 r--s 00028000 08:02 18481927                   /usr/work/spark/jars/jetty-util-6.1.26.jar
7f2643d5e000-7f2643d5f000 r--s 00003000 08:02 18482925                   /usr/work/spark/jars/spark-tags_2.11-2.2.0.jar
7f2643d5f000-7f2643d62000 r--s 0000e000 08:02 18481929                   /usr/work/spark/jars/jersey-container-servlet-core-2.22.2.jar
7f2643d62000-7f2643d66000 r--s 00020000 08:02 18482933                   /usr/work/spark/jars/commons-digester-1.8.jar
7f2643d66000-7f2643d68000 r--s 00100000 08:02 18483025                   /usr/work/spark/jars/snappy-java-1.1.2.6.jar
7f2643d68000-7f2643d6c000 r--s 0002a000 08:02 18482922                   /usr/work/spark/jars/breeze-macros_2.11-0.13.1.jar
7f2643d6c000-7f2643d6e000 r--s 00003000 08:02 18482947                   /usr/work/spark/jars/jcl-over-slf4j-1.7.16.jar
7f2643d6e000-7f2643d7b000 r--s 000a7000 08:02 18482919                   /usr/work/spark/jars/httpclient-4.5.2.jar
7f2643d7b000-7f2643d7d000 r--s 0000f000 08:02 18481921                   /usr/work/spark/jars/activation-1.1.1.jar
7f2643d7d000-7f2643d7f000 r--s 00010000 08:02 18482965                   /usr/work/spark/jars/jersey-media-jaxb-2.22.2.jar
7f2643d7f000-7f2643d80000 r--s 00009000 08:02 18483028                   /usr/work/spark/jars/slf4j-api-1.7.16.jar
7f2643d80000-7f2643d8e000 r--s 0007c000 08:02 18482986                   /usr/work/spark/jars/spark-mesos_2.11-2.2.0.jar
7f2643d8e000-7f2643d90000 r--s 00007000 08:02 18482929                   /usr/work/spark/jars/paranamer-2.6.jar
7f2643d90000-7f2643db4000 r--s 001cd000 08:02 18483038                   /usr/work/spark/jars/commons-math3-3.4.1.jar
7f2643db4000-7f2643dbe000 r--s 000aa000 08:02 18482973                   /usr/work/spark/jars/janino-3.0.0.jar
7f2643dbe000-7f2643dcb000 r--s 000a0000 08:02 18481961                   /usr/work/spark/jars/spark-graphx_2.11-2.2.0.jar
7f2643dcb000-7f2643dcd000 r--s 00038000 08:02 18482984                   /usr/work/spark/jars/lz4-1.3.0.jar
7f2643dcd000-7f2643de5000 r--s 000d6000 08:02 18481925                   /usr/work/spark/jars/jersey-guava-2.22.2.jar
7f2643de5000-7f2643ec6000 r--s 00b03000 08:02 18483045                   /usr/work/spark/jars/spark-core_2.11-2.2.0.jar
7f2643ec6000-7f2643ef4000 r--s 00216000 08:02 18482910                   /usr/work/spark/jars/spark-network-common_2.11-2.2.0.jar
7f2643ef4000-7f2644000000 r--s 00dba000 08:02 18483042                   /usr/work/spark/jars/scala-compiler-2.11.8.jar
7f2644000000-7f2644021000 rw-p 00000000 00:00 0 
7f2644021000-7f2648000000 ---p 00000000 00:00 0 
7f2648000000-7f2648005000 r--s 0002a000 08:02 18481930                   /usr/work/spark/jars/commons-beanutils-1.7.0.jar
7f2648005000-7f2648006000 r--s 0000b000 08:02 18482921                   /usr/work/spark/jars/snappy-0.2.jar
7f2648006000-7f2648008000 r--s 0000e000 08:02 18482990                   /usr/work/spark/jars/commons-logging-1.1.3.jar
7f2648008000-7f264800d000 r--s 0002a000 08:02 18482949                   /usr/work/spark/jars/gson-2.2.4.jar
7f264800d000-7f2648016000 r--s 00062000 08:02 18481933                   /usr/work/spark/jars/avro-1.7.7.jar
7f2648016000-7f264803c000 r--s 00212000 08:02 18482958                   /usr/work/spark/jars/netty-all-4.0.43.Final.jar
7f264803c000-7f2648042000 r--s 0002c000 08:02 18483007                   /usr/work/spark/jars/jdo-api-3.0.1.jar
7f2648042000-7f264804c000 r--s 000a5000 08:02 18482977                   /usr/work/spark/jars/javassist-3.18.1-GA.jar
7f264804c000-7f2648055000 r--s 0006f000 08:02 18482938                   /usr/work/spark/jars/log4j-1.2.17.jar
7f2648055000-7f2648059000 r--s 00025000 08:02 18481908                   /usr/work/spark/jars/antlr-runtime-3.4.jar
7f2648059000-7f264806b000 r--s 00097000 08:02 18483000                   /usr/work/spark/jars/apacheds-kerberos-codec-2.0.0-M15.jar
7f264806b000-7f2648084000 r--s 00164000 08:02 18482952                   /usr/work/spark/jars/hadoop-mapreduce-client-core-2.7.3.jar
7f2648084000-7f2648086000 r--s 00009000 08:02 18481900                   /usr/work/spark/jars/parquet-common-1.8.2.jar
7f2648086000-7f2648089000 r--s 00012000 08:02 18481950                   /usr/work/spark/jars/json4s-ast_2.11-3.2.11.jar
7f2648089000-7f26480bd000 r--s 00277000 08:02 18481940                   /usr/work/spark/jars/parquet-hadoop-bundle-1.6.0.jar
7f26480bd000-7f26480be000 r--s 00008000 08:02 18481910                   /usr/work/spark/jars/machinist_2.11-0.6.1.jar
7f26480be000-7f26480c1000 r--s 00014000 08:02 18482972                   /usr/work/spark/jars/super-csv-2.2.0.jar
7f26480c1000-7f26480d2000 r--s 00089000 08:02 18482913                   /usr/work/spark/jars/joda-time-2.9.3.jar
7f26480d2000-7f26480d6000 r--s 00019000 08:02 18482980                   /usr/work/spark/jars/javax.ws.rs-api-2.0.1.jar
7f26480d6000-7f26480d9000 r--s 00026000 08:02 18482988                   /usr/work/spark/jars/hadoop-yarn-client-2.7.3.jar
7f26480d9000-7f26480dd000 r--s 0002f000 08:02 18482991                   /usr/work/spark/jars/commons-beanutils-core-1.8.0.jar
7f26480dd000-7f26480ec000 r--s 0009f000 08:02 18482948                   /usr/work/spark/jars/guice-3.0.jar
7f26480ec000-7f2648132000 r--s 00317000 08:02 18481945                   /usr/work/spark/jars/shapeless_2.11-2.3.2.jar
7f2648132000-7f2648136000 r--s 0001a000 08:02 18481931                   /usr/work/spark/jars/hk2-utils-2.4.0-b34.jar
7f2648136000-7f264813b000 r--s 00041000 08:02 18482955                   /usr/work/spark/jars/commons-lang-2.6.jar
7f264813b000-7f264813f000 r--s 00029000 08:02 18482920                   /usr/work/spark/jars/spark-mllib-local_2.11-2.2.0.jar
7f264813f000-7f2648141000 r--s 0000d000 08:02 18482939                   /usr/work/spark/jars/hadoop-yarn-server-web-proxy-2.7.3.jar
7f2648141000-7f2648143000 r--s 0000f000 08:02 18482979                   /usr/work/spark/jars/spark-launcher_2.11-2.2.0.jar
7f2648143000-7f2648151000 r--s 0009d000 08:02 18481960                   /usr/work/spark/jars/jersey-common-2.22.2.jar
7f2648151000-7f2648153000 r--s 00017000 08:02 18481955                   /usr/work/spark/jars/hive-jdbc-1.2.1.spark2.jar
7f2648153000-7f2648155000 r--s 00000000 08:02 18483017                   /usr/work/spark/jars/jul-to-slf4j-1.7.16.jar
7f2648155000-7f2648156000 r--s 0000a000 08:02 18482804                   /usr/work/spark/jars/apacheds-i18n-2.0.0-M15.jar
7f2648156000-7f264815b000 r--s 00028000 08:02 18483024                   /usr/work/spark/jars/avro-mapred-1.7.7-hadoop2.jar
7f264815b000-7f2648163000 r--s 00078000 08:02 18483001                   /usr/work/spark/jars/mail-1.4.7.jar
7f2648163000-7f2648164000 r--s 00004000 08:02 18482930                   /usr/work/spark/jars/opencsv-2.3.jar
7f2648164000-7f2648167000 r--s 00025000 08:02 18482881                   /usr/work/spark/jars/commons-dbcp-1.4.jar
7f2648167000-7f264819e000 r--s 00325000 08:02 18482996                   /usr/work/spark/jars/calcite-core-1.2.0-incubating.jar
7f264819e000-7f26481c7000 r--s 001ee000 08:02 18483046                   /usr/work/spark/jars/guava-14.0.1.jar
7f26481c7000-7f26481c9000 r--s 00014000 08:02 18482915                   /usr/work/spark/jars/spire-macros_2.11-0.13.0.jar
7f26481c9000-7f26481cd000 r--s 00029000 08:02 18481939                   /usr/work/spark/jars/hk2-locator-2.4.0-b34.jar
7f26481cd000-7f26481cf000 r--s 0000e000 08:02 18482981                   /usr/work/spark/jars/hadoop-mapreduce-client-jobclient-2.7.3.jar
7f26481cf000-7f26481d3000 r--s 0003c000 08:02 18483037                   /usr/work/spark/jars/jackson-core-2.6.5.jar
7f26481d3000-7f26481e4000 r--s 0010d000 08:02 18482926                   /usr/work/spark/jars/jackson-databind-2.6.5.jar
7f26481e4000-7f26481ef000 r--s 00062000 08:02 18482943                   /usr/work/spark/jars/calcite-linq4j-1.2.0-incubating.jar
7f26481ef000-7f26481f5000 r--s 00043000 08:02 18483041                   /usr/work/spark/jars/commons-configuration-1.6.jar
7f26481f5000-7f26481fb000 r--s 00038000 08:02 18481912                   /usr/work/spark/jars/parquet-hadoop-1.8.2.jar
7f26481fb000-7f26481fe000 r--s 00015000 08:02 18481903                   /usr/work/spark/jars/javax.servlet-api-3.1.0.jar
7f26481fe000-7f26481ff000 r--s 00003000 08:02 18483006                   /usr/work/spark/jars/metrics-json-3.1.2.jar
7f26481ff000-7f2648202000 r--s 000fd000 08:02 18481952                   /usr/work/spark/jars/leveldbjni-all-1.8.jar
7f2648202000-7f264820f000 r--s 00071000 08:02 18483011                   /usr/work/spark/jars/jackson-module-scala_2.11-2.6.5.jar
7f264820f000-7f2648218000 r--s 00097000 08:02 18483018                   /usr/work/spark/jars/pmml-model-1.2.15.jar
7f2648218000-7f2648225000 r--s 000b1000 08:02 18481917                   /usr/work/spark/jars/hadoop-mapreduce-client-common-2.7.3.jar
7f2648225000-7f264822f000 r--s 0007b000 08:02 18483030                   /usr/work/spark/jars/hadoop-mapreduce-client-app-2.7.3.jar
7f264822f000-7f2648234000 r--s 00036000 08:02 18481928                   /usr/work/spark/jars/commons-compress-1.4.1.jar
7f2648234000-7f264823b000 r--s 00058000 08:02 18481956                   /usr/work/spark/jars/hadoop-yarn-server-common-2.7.3.jar
7f264823b000-7f264823e000 r--s 00019000 08:02 18481901                   /usr/work/spark/jars/bonecp-0.8.0.RELEASE.jar
7f264823e000-7f2648240000 r--s 0000e000 08:02 18481906                   /usr/work/spark/jars/oro-2.0.8.jar
7f2648240000-7f2648247000 r--s 00049000 08:02 18483035                   /usr/work/spark/jars/univocity-parsers-2.2.1.jar
7f2648247000-7f2648269000 r--s 00197000 08:02 18482914                   /usr/work/spark/jars/spark-hive-thriftserver_2.11-2.2.0.jar
7f2648269000-7f264826b000 r--s 00012000 08:02 18482999                   /usr/work/spark/jars/api-util-1.0.0-M20.jar
7f264826b000-7f2648304000 r--s 0074b000 08:02 18482928                   /usr/work/spark/jars/spark-catalyst_2.11-2.2.0.jar
7f2648304000-7f26483dc000 r--s 00d92000 08:02 18483021                   /usr/work/spark/jars/breeze_2.11-0.13.1.jar
7f26483dc000-7f26483de000 r--s 0000e000 08:02 18482935                   /usr/work/spark/jars/spark-repl_2.11-2.2.0.jar
7f26483de000-7f26483e2000 r--s 0000c000 08:02 18482872                   /usr/work/spark/jars/validation-api-1.1.0.Final.jar
7f26483e2000-7f26483fb000 r--s 00113000 08:02 18482954                   /usr/work/spark/jars/spark-hive_2.11-2.2.0.jar
7f26483fb000-7f26483fd000 r--s 0000b000 08:02 18483023                   /usr/work/spark/jars/chill-java-0.8.0.jar
7f26483fd000-7f2648404000 r--s 0007d000 08:02 18482936                   /usr/work/spark/jars/jetty-6.1.26.jar
7f2648404000-7f264840f000 r--s 000b0000 08:02 18482945                   /usr/work/spark/jars/jtransforms-2.4.0.jar
7f264840f000-7f2648413000 r--s 00018000 08:02 18481936                   /usr/work/spark/jars/metrics-core-3.1.2.jar
7f2648413000-7f2648415000 r--s 00006000 08:02 18481913                   /usr/work/spark/jars/spark-sketch_2.11-2.2.0.jar
7f2648415000-7f264841c000 r--s 00036000 08:02 18482916                   /usr/work/spark/jars/curator-recipes-2.6.0.jar
7f264841c000-7f2648421000 r--s 00068000 08:02 18482987                   /usr/work/spark/jars/antlr-2.7.7.jar
7f2648421000-7f2648422000 r--s 00006000 08:02 18482969                   /usr/work/spark/jars/hadoop-client-2.7.3.jar
7f2648422000-7f264847b000 r--s 00522000 08:02 18483050                   /usr/work/spark/jars/scala-library-2.11.8.jar
7f264847b000-7f2648491000 r--s 001a4000 08:02 18481959                   /usr/work/spark/jars/datanucleus-rdbms-3.2.9.jar
7f2648491000-7f2648494000 r--s 00009000 08:02 18482964                   /usr/work/spark/jars/jackson-annotations-2.6.5.jar
7f2648494000-7f26484c3000 r--s 002e5000 08:02 18483029                   /usr/work/spark/jars/derby-10.12.1.1.jar
7f26484c3000-7f26484c5000 r--s 00005000 08:02 18482956                   /usr/work/spark/jars/stax-api-1.0.1.jar
7f26484c5000-7f264856e000 r--s 00a4f000 08:02 18482995                   /usr/work/spark/jars/hive-exec-1.2.1.spark2.jar
7f264856e000-7f264856f000 r--s 00002000 08:02 18482908                   /usr/work/spark/jars/slf4j-log4j12-1.7.16.jar
7f264856f000-7f2648570000 r--s 00003000 08:02 18481942                   /usr/work/spark/jars/xmlenc-0.52.jar
7f2648570000-7f2648572000 r--s 00008000 08:02 18481916                   /usr/work/spark/jars/metrics-jvm-3.1.2.jar
7f2648572000-7f2648574000 r--s 00004000 08:02 18482982                   /usr/work/spark/jars/metrics-graphite-3.1.2.jar
7f2648574000-7f264857c000 r--s 00066000 08:02 18482946                   /usr/work/spark/jars/apache-log4j-extras-1.2.17.jar
7f264857c000-7f26485e7000 r--s 0093d000 08:02 18481911                   /usr/work/spark/jars/spire_2.11-0.13.0.jar
7f26485e7000-7f26485e9000 r--s 00020000 08:02 18482962                   /usr/work/spark/jars/hive-beeline-1.2.1.spark2.jar
7f26485e9000-7f26485ed000 r--s 00025000 08:02 18483033                   /usr/work/spark/jars/jersey-client-2.22.2.jar
7f26485ed000-7f26485ef000 r--s 00027000 08:02 18482985                   /usr/work/spark/jars/core-1.1.2.jar
7f26485ef000-7f26485f5000 r--s 00040000 08:02 18482997                   /usr/work/spark/jars/parquet-encoding-1.8.2.jar
7f26485f5000-7f26485f8000 r--s 00016000 08:02 18481941                   /usr/work/spark/jars/jsp-api-2.1.jar
7f26485f8000-7f26485fb000 r--s 00021000 08:02 18481943                   /usr/work/spark/jars/xbean-asm5-shaded-4.4.jar
7f26485fb000-7f26485fd000 r--s 00009000 08:02 18483031                   /usr/work/spark/jars/objenesis-2.1.jar
7f26485fd000-7f26485ff000 r--s 00004000 08:02 18481938                   /usr/work/spark/jars/stax-api-1.0-2.jar
7f26485ff000-7f2648600000 r--s 00008000 08:02 18483027                   /usr/work/spark/jars/commons-compiler-3.0.0.jar
7f2648600000-7f2648601000 r--s 00001000 08:02 18481957                   /usr/work/spark/jars/minlog-1.3.0.jar
7f2648601000-7f2648604000 r--s 00006000 08:02 18482934                   /usr/work/spark/jars/jsr305-1.3.9.jar
7f2648604000-7f2648606000 r--s 00012000 08:02 18482944                   /usr/work/spark/jars/compress-lzf-1.0.3.jar
7f2648606000-7f2648607000 r--s 00003000 08:02 18481922                   /usr/work/spark/jars/jta-1.1.jar
7f2648607000-7f264861d000 r--s 000d3000 08:02 18482917                   /usr/work/spark/jars/jersey-server-2.22.2.jar
7f264861d000-7f2648621000 r--s 00035000 08:02 18481944                   /usr/work/spark/jars/jackson-core-asl-1.9.13.jar
7f2648621000-7f2648624000 r--s 00015000 08:02 18482937                   /usr/work/spark/jars/pyrolite-4.13.jar
7f2648624000-7f264863c000 r--s 001b6000 08:02 18481923                   /usr/work/spark/jars/datanucleus-core-3.2.10.jar
7f264863c000-7f264864e000 r--s 000b3000 08:02 18483008                   /usr/work/spark/jars/scalap-2.11.8.jar
7f264864e000-7f2648665000 r--s 000d3000 08:02 18483019                   /usr/work/spark/jars/parquet-column-1.8.2.jar
7f2648665000-7f264866d000 r--s 0007b000 08:02 18482951                   /usr/work/spark/jars/protobuf-java-2.5.0.jar
7f264866d000-7f264866e000 r--s 00001000 08:02 18482911                   /usr/work/spark/jars/pmml-schema-1.2.15.jar
7f264866e000-7f2648670000 r--s 00003000 08:02 18481924                   /usr/work/spark/jars/jersey-container-servlet-2.22.2.jar
7f2648670000-7f2648675000 r--s 00032000 08:02 18483049                   /usr/work/spark/jars/chill_2.11-0.8.0.jar
7f2648675000-7f2648676000 r--s 00002000 08:02 18482975                   /usr/work/spark/jars/jpam-1.1.jar
7f2648676000-7f2648678000 r--s 00005000 08:02 18482957                   /usr/work/spark/jars/javax.annotation-api-1.2.jar
7f2648678000-7f264867a000 r--s 0000a000 08:02 18483015                   /usr/work/spark/jars/spark-unsafe_2.11-2.2.0.jar
7f264867a000-7f264867d000 r--s 00028000 08:02 18481914                   /usr/work/spark/jars/stream-2.7.0.jar
7f264867d000-7f264867e000 r--s 00000000 08:02 18483016                   /usr/work/spark/jars/macro-compat_2.11-1.1.1.jar
7f264867e000-7f264868c000 r--s 000b1000 08:02 18482967                   /usr/work/spark/jars/jackson-mapper-asl-1.9.13.jar
7f264868c000-7f264869c000 r--s 0009a000 08:02 18482953                   /usr/work/spark/jars/spark-yarn_2.11-2.2.0.jar
7f264869c000-7f26486b9000 r--s 001d5000 08:02 18483043                   /usr/work/spark/jars/hadoop-yarn-api-2.7.3.jar
7f26486b9000-7f26486bb000 r--s 00015000 08:02 18481919                   /usr/work/spark/jars/hadoop-auth-2.7.3.jar
7f26486bb000-7f26486bd000 r--s 00003000 08:02 18481967                   /usr/work/spark/jars/api-asn1-api-1.0.0-M20.jar
7f26486bd000-7f26486be000 r--s 00009000 08:02 18481949                   /usr/work/spark/jars/json4s-jackson_2.11-3.2.11.jar
7f26486be000-7f26486c5000 r--s 00049000 08:02 18482950                   /usr/work/spark/jars/httpcore-4.4.4.jar
7f26486c5000-7f264873e000 r--s 005bb000 08:02 18482998                   /usr/work/spark/jars/spark-mllib_2.11-2.2.0.jar
7f264873e000-7f2648741000 r--s 00022000 08:02 18483002                   /usr/work/spark/jars/stringtemplate-3.2.1.jar
7f2648741000-7f2648745000 r--s 00031000 08:02 18481935                   /usr/work/spark/jars/jline-2.12.1.jar
7f2648745000-7f264874c000 r--s 00051000 08:02 18481915                   /usr/work/spark/jars/kryo-shaded-3.0.3.jar
7f264874c000-7f2648754000 r--s 00059000 08:02 18481958                   /usr/work/spark/jars/javolution-5.5.1.jar
7f2648754000-7f2648794000 r--s 00277000 08:02 18482978                   /usr/work/spark/jars/bcprov-jdk15on-1.51.jar
7f2648794000-7f2648799000 r--s 00027000 08:02 18483044                   /usr/work/spark/jars/hk2-api-2.4.0-b34.jar
7f2648799000-7f26487a0000 r--s 0003f000 08:02 18481951                   /usr/work/spark/jars/commons-codec-1.10.jar
7f26487a0000-7f26487a7000 r--s 00046000 08:02 18482992                   /usr/work/spark/jars/libfb303-0.9.3.jar
7f26487a7000-7f26487bf000 r--s 00115000 08:02 18481907                   /usr/work/spark/jars/xercesImpl-2.9.1.jar
7f26487bf000-7f26487c2000 r--s 0001a000 08:02 18483013                   /usr/work/spark/jars/py4j-0.10.4.jar
7f26487c2000-7f26487c3000 r--s 00006000 08:02 18482983                   /usr/work/spark/jars/jackson-xc-1.9.13.jar
7f26487c3000-7f26487ca000 r--s 00039000 08:02 18482940                   /usr/work/spark/jars/calcite-avatica-1.2.0-incubating.jar
7f26487ca000-7f26487dc000 r--s 00112000 08:02 18483014                   /usr/work/spark/jars/arpack_combined_all-0.1.jar
7f26487dc000-7f26487e0000 r--s 0002a000 08:02 18482960                   /usr/work/spark/jars/commons-io-2.4.jar
7f26487e0000-7f26487e2000 r--s 00010000 08:02 18482912                   /usr/work/spark/jars/hadoop-mapreduce-client-shuffle-2.7.3.jar
7f26487e2000-7f2648845000 r--s 004de000 08:02 18482932                   /usr/work/spark/jars/hive-metastore-1.2.1.spark2.jar
7f2648845000-7f2648851000 r--s 000b6000 08:02 18483010                   /usr/work/spark/jars/zookeeper-3.4.6.jar
7f2648851000-7f2648855000 r--s 00030000 08:02 18481902                   /usr/work/spark/jars/commons-net-2.2.jar
7f2648855000-7f2648857000 r--s 0000f000 08:02 18482927                   /usr/work/spark/jars/curator-client-2.6.0.jar
7f2648857000-7f2648859000 r--s 00003000 08:02 18483005                   /usr/work/spark/jars/JavaEWAH-0.3.2.jar
7f2648859000-7f264885e000 r--s 0004e000 08:02 18481934                   /usr/work/spark/jars/datanucleus-api-jdo-3.2.6.jar
7f264885e000-7f2648880000 r--s 00335000 08:02 18482963                   /usr/work/spark/jars/mesos-1.0.0-shaded-protobuf.jar
7f2648880000-7f26488b0000 r--s 001e5000 08:02 18483048                   /usr/work/spark/jars/spark-streaming_2.11-2.2.0.jar
7f26488b0000-7f26488b3000 r--s 0002f000 08:02 18481918                   /usr/work/spark/jars/RoaringBitmap-0.5.11.jar
7f26488b3000-7f26488e9000 r--s 0031c000 08:02 18481920                   /usr/work/spark/jars/hadoop-common-2.7.3.jar
7f26488e9000-7f26488ec000 r--s 00017000 08:02 18482994                   /usr/work/spark/jars/jaxb-api-2.2.2.jar
7f26488ec000-7f26488ed000 r--s 00004000 08:02 18482923                   /usr/work/spark/jars/jackson-jaxrs-1.9.13.jar
7f26488ed000-7f26488fa000 r--s 00083000 08:02 18481946                   /usr/work/spark/jars/commons-collections-3.2.2.jar
7f26488fa000-7f26488fb000 r--s 00002000 08:02 18481937                   /usr/work/spark/jars/java-xmlbuilder-1.0.jar
7f26488fb000-7f2648902000 r--s 0005d000 08:02 18482989                   /usr/work/spark/jars/mx4j-3.0.2.jar
7f2648902000-7f2648908000 r--s 00044000 08:02 18482974                   /usr/work/spark/jars/antlr4-runtime-4.5.3.jar
7f2648908000-7f264890e000 r--s 00045000 08:02 18481953                   /usr/work/spark/jars/commons-httpclient-3.1.jar
7f264890e000-7f2648979000 r--s 00784000 08:02 18481905                   /usr/work/spark/jars/hadoop-hdfs-2.7.3.jar
7f2648979000-7f2648990000 r--s 00183000 08:02 18482966                   /usr/work/spark/jars/hadoop-yarn-common-2.7.3.jar
7f2648990000-7f264899b000 r--s 0005d000 08:02 18483036                   /usr/work/spark/jars/scala-parser-combinators_2.11-1.0.4.jar
7f264899b000-7f26489a1000 r--s 00063000 08:02 18483032                   /usr/work/spark/jars/jodd-core-3.5.2.jar
7f26489a1000-7f26489a5000 r--s 0002c000 08:02 18482961                   /usr/work/spark/jars/avro-ipc-1.7.7.jar
7f26489a5000-7f26489ad000 r--s 0006e000 08:02 18482976                   /usr/work/spark/jars/commons-lang3-3.5.jar
7f26489ad000-7f26489c6000 r--s 00150000 08:02 18482918                   /usr/work/spark/jars/htrace-core-3.1.0-incubating.jar
7f26489c6000-7f2648a12000 r--s 00411000 08:02 18483040                   /usr/work/spark/jars/scala-reflect-2.11.8.jar
7f2648a12000-7f2648a13000 ---p 00000000 00:00 0 
7f2648a13000-7f2648b13000 rw-p 00000000 00:00 0 
7f2648b13000-7f2648b16000 ---p 00000000 00:00 0 
7f2648b16000-7f2648c14000 rw-p 00000000 00:00 0 
7f2648c14000-7f2648c17000 ---p 00000000 00:00 0 
7f2648c17000-7f2648d15000 rw-p 00000000 00:00 0 
7f2648d15000-7f2648d18000 ---p 00000000 00:00 0 
7f2648d18000-7f2648e16000 rw-p 00000000 00:00 0 
7f2648e16000-7f2648e19000 ---p 00000000 00:00 0 
7f2648e19000-7f2648f17000 rw-p 00000000 00:00 0 
7f2648f17000-7f2648f1a000 ---p 00000000 00:00 0 
7f2648f1a000-7f2649018000 rw-p 00000000 00:00 0 
7f2649018000-7f26492f3000 r--p 00000000 08:02 3014676                    /usr/lib/locale/locale-archive
7f26492f3000-7f26492f6000 ---p 00000000 00:00 0 
7f26492f6000-7f26493f4000 rw-p 00000000 00:00 0 
7f26493f4000-7f26493f7000 ---p 00000000 00:00 0 
7f26493f7000-7f26494f5000 rw-p 00000000 00:00 0 
7f26494f5000-7f26494f6000 ---p 00000000 00:00 0 
7f26494f6000-7f264c000000 rw-p 00000000 00:00 0 
7f264c000000-7f264c038000 rw-p 00000000 00:00 0 
7f264c038000-7f2650000000 ---p 00000000 00:00 0 
7f2650000000-7f2650002000 r--s 0000e000 08:02 18483003                   /usr/work/spark/jars/guice-servlet-3.0.jar
7f2650002000-7f2650003000 r--s 00009000 08:02 18481904                   /usr/work/spark/jars/hadoop-annotations-2.7.3.jar
7f2650003000-7f2650005000 r--s 00002000 08:02 18481954                   /usr/work/spark/jars/aopalliance-repackaged-2.4.0-b34.jar
7f2650005000-7f265000f000 r--s 00086000 08:02 18482931                   /usr/work/spark/jars/json4s-core_2.11-3.2.11.jar
7f265000f000-7f2650015000 r--s 00034000 08:02 18482993                   /usr/work/spark/jars/libthrift-0.9.3.jar
7f2650015000-7f2650018000 r--s 00015000 08:02 18482909                   /usr/work/spark/jars/commons-pool-1.5.4.jar
7f2650018000-7f265001a000 r--s 00000000 08:02 18482971                   /usr/work/spark/jars/aopalliance-1.0.jar
7f265001a000-7f2650035000 r--s 001d8000 08:02 18481926                   /usr/work/spark/jars/jets3t-0.9.3.jar
7f2650035000-7f2650049000 r--s 000ec000 08:02 18482968                   /usr/work/spark/jars/parquet-jackson-1.8.2.jar
7f2650049000-7f26505b1000 rw-p 00000000 00:00 0 
7f26505b1000-7f265078a000 r--s 03d40000 08:02 3803699                    /usr/lib/jvm/java-8-oracle/jre/lib/rt.jar
7f265078a000-7f2651000000 rw-p 00000000 00:00 0 
7f2651000000-7f2651610000 rwxp 00000000 00:00 0 
7f2651610000-7f2660000000 ---p 00000000 00:00 0 
7f2660000000-7f2661537000 rw-p 00000000 00:00 0 
7f2661537000-7f2664000000 ---p 00000000 00:00 0 
7f2664000000-7f2664001000 r--s 00001000 08:02 18483020                   /usr/work/spark/jars/javax.inject-2.4.0-b34.jar
7f2664001000-7f2664005000 r--s 00014000 08:02 18483039                   /usr/work/spark/jars/xz-1.0.jar
7f2664005000-7f2664247000 rw-p 00000000 00:00 0 
7f2664247000-7f2664248000 ---p 00000000 00:00 0 
7f2664248000-7f2664348000 rw-p 00000000 00:00 0 
7f2664348000-7f2664349000 ---p 00000000 00:00 0 
7f2664349000-7f2664449000 rw-p 00000000 00:00 0 
7f2664449000-7f266444a000 ---p 00000000 00:00 0 
7f266444a000-7f266454a000 rw-p 00000000 00:00 0 
7f266454a000-7f266454b000 ---p 00000000 00:00 0 
7f266454b000-7f2664673000 rw-p 00000000 00:00 0 
7f2664673000-7f26647a1000 ---p 00000000 00:00 0 
7f26647a1000-7f26647c9000 rw-p 00000000 00:00 0 
7f26647c9000-7f26648f6000 ---p 00000000 00:00 0 
7f26648f6000-7f266491a000 rw-p 00000000 00:00 0 
7f266491a000-7f26649a1000 ---p 00000000 00:00 0 
7f26649a1000-7f26649bb000 rw-p 00000000 00:00 0 
7f26649bb000-7f2664d62000 ---p 00000000 00:00 0 
7f2664d62000-7f2664d7c000 r-xp 00000000 08:02 4063893                    /usr/lib/jvm/java-8-oracle/jre/lib/amd64/libzip.so
7f2664d7c000-7f2664f7c000 ---p 0001a000 08:02 4063893                    /usr/lib/jvm/java-8-oracle/jre/lib/amd64/libzip.so
7f2664f7c000-7f2664f7d000 rw-p 0001a000 08:02 4063893                    /usr/lib/jvm/java-8-oracle/jre/lib/amd64/libzip.so
7f2664f7d000-7f2664f88000 r-xp 00000000 08:02 14680156                   /lib/x86_64-linux-gnu/libnss_files-2.24.so
7f2664f88000-7f2665187000 ---p 0000b000 08:02 14680156                   /lib/x86_64-linux-gnu/libnss_files-2.24.so
7f2665187000-7f2665188000 r--p 0000a000 08:02 14680156                   /lib/x86_64-linux-gnu/libnss_files-2.24.so
7f2665188000-7f2665189000 rw-p 0000b000 08:02 14680156                   /lib/x86_64-linux-gnu/libnss_files-2.24.so
7f2665189000-7f266518f000 rw-p 00000000 00:00 0 
7f266518f000-7f266519a000 r-xp 00000000 08:02 14680158                   /lib/x86_64-linux-gnu/libnss_nis-2.24.so
7f266519a000-7f2665399000 ---p 0000b000 08:02 14680158                   /lib/x86_64-linux-gnu/libnss_nis-2.24.so
7f2665399000-7f266539a000 r--p 0000a000 08:02 14680158                   /lib/x86_64-linux-gnu/libnss_nis-2.24.so
7f266539a000-7f266539b000 rw-p 0000b000 08:02 14680158                   /lib/x86_64-linux-gnu/libnss_nis-2.24.so
7f266539b000-7f26653b1000 r-xp 00000000 08:02 14680153                   /lib/x86_64-linux-gnu/libnsl-2.24.so
7f26653b1000-7f26655b0000 ---p 00016000 08:02 14680153                   /lib/x86_64-linux-gnu/libnsl-2.24.so
7f26655b0000-7f26655b1000 r--p 00015000 08:02 14680153                   /lib/x86_64-linux-gnu/libnsl-2.24.so
7f26655b1000-7f26655b2000 rw-p 00016000 08:02 14680153                   /lib/x86_64-linux-gnu/libnsl-2.24.so
7f26655b2000-7f26655b4000 rw-p 00000000 00:00 0 
7f26655b4000-7f26655bc000 r-xp 00000000 08:02 14680154                   /lib/x86_64-linux-gnu/libnss_compat-2.24.so
7f26655bc000-7f26657bb000 ---p 00008000 08:02 14680154                   /lib/x86_64-linux-gnu/libnss_compat-2.24.so
7f26657bb000-7f26657bc000 r--p 00007000 08:02 14680154                   /lib/x86_64-linux-gnu/libnss_compat-2.24.so
7f26657bc000-7f26657bd000 rw-p 00008000 08:02 14680154                   /lib/x86_64-linux-gnu/libnss_compat-2.24.so
7f26657bd000-7f26657e8000 r-xp 00000000 08:02 4063711                    /usr/lib/jvm/java-8-oracle/jre/lib/amd64/libjava.so
7f26657e8000-7f26659e7000 ---p 0002b000 08:02 4063711                    /usr/lib/jvm/java-8-oracle/jre/lib/amd64/libjava.so
7f26659e7000-7f26659e9000 rw-p 0002a000 08:02 4063711                    /usr/lib/jvm/java-8-oracle/jre/lib/amd64/libjava.so
7f26659e9000-7f26659f6000 r-xp 00000000 08:02 4063892                    /usr/lib/jvm/java-8-oracle/jre/lib/amd64/libverify.so
7f26659f6000-7f2665bf5000 ---p 0000d000 08:02 4063892                    /usr/lib/jvm/java-8-oracle/jre/lib/amd64/libverify.so
7f2665bf5000-7f2665bf7000 rw-p 0000c000 08:02 4063892                    /usr/lib/jvm/java-8-oracle/jre/lib/amd64/libverify.so
7f2665bf7000-7f2665bfe000 r-xp 00000000 08:02 14684554                   /lib/x86_64-linux-gnu/librt-2.24.so
7f2665bfe000-7f2665dfd000 ---p 00007000 08:02 14684554                   /lib/x86_64-linux-gnu/librt-2.24.so
7f2665dfd000-7f2665dfe000 r--p 00006000 08:02 14684554                   /lib/x86_64-linux-gnu/librt-2.24.so
7f2665dfe000-7f2665dff000 rw-p 00007000 08:02 14684554                   /lib/x86_64-linux-gnu/librt-2.24.so
7f2665dff000-7f2665f07000 r-xp 00000000 08:02 14680150                   /lib/x86_64-linux-gnu/libm-2.24.so
7f2665f07000-7f2666106000 ---p 00108000 08:02 14680150                   /lib/x86_64-linux-gnu/libm-2.24.so
7f2666106000-7f2666107000 r--p 00107000 08:02 14680150                   /lib/x86_64-linux-gnu/libm-2.24.so
7f2666107000-7f2666108000 rw-p 00108000 08:02 14680150                   /lib/x86_64-linux-gnu/libm-2.24.so
7f2666108000-7f2666dd7000 r-xp 00000000 08:02 4064716                    /usr/lib/jvm/java-8-oracle/jre/lib/amd64/server/libjvm.so
7f2666dd7000-7f2666fd7000 ---p 00ccf000 08:02 4064716                    /usr/lib/jvm/java-8-oracle/jre/lib/amd64/server/libjvm.so
7f2666fd7000-7f26670b0000 rw-p 00ccf000 08:02 4064716                    /usr/lib/jvm/java-8-oracle/jre/lib/amd64/server/libjvm.so
7f26670b0000-7f26670fb000 rw-p 00000000 00:00 0 
7f26670fb000-7f26672b9000 r-xp 00000000 08:02 14680146                   /lib/x86_64-linux-gnu/libc-2.24.so
7f26672b9000-7f26674b8000 ---p 001be000 08:02 14680146                   /lib/x86_64-linux-gnu/libc-2.24.so
7f26674b8000-7f26674bc000 r--p 001bd000 08:02 14680146                   /lib/x86_64-linux-gnu/libc-2.24.so
7f26674bc000-7f26674be000 rw-p 001c1000 08:02 14680146                   /lib/x86_64-linux-gnu/libc-2.24.so
7f26674be000-7f26674c2000 rw-p 00000000 00:00 0 
7f26674c2000-7f26674c5000 r-xp 00000000 08:02 14680149                   /lib/x86_64-linux-gnu/libdl-2.24.so
7f26674c5000-7f26676c4000 ---p 00003000 08:02 14680149                   /lib/x86_64-linux-gnu/libdl-2.24.so
7f26676c4000-7f26676c5000 r--p 00002000 08:02 14680149                   /lib/x86_64-linux-gnu/libdl-2.24.so
7f26676c5000-7f26676c6000 rw-p 00003000 08:02 14680149                   /lib/x86_64-linux-gnu/libdl-2.24.so
7f26676c6000-7f26676db000 r-xp 00000000 08:02 3802486                    /usr/lib/jvm/java-8-oracle/lib/amd64/jli/libjli.so
7f26676db000-7f26678db000 ---p 00015000 08:02 3802486                    /usr/lib/jvm/java-8-oracle/lib/amd64/jli/libjli.so
7f26678db000-7f26678dc000 rw-p 00015000 08:02 3802486                    /usr/lib/jvm/java-8-oracle/lib/amd64/jli/libjli.so
7f26678dc000-7f26678f4000 r-xp 00000000 08:02 14680161                   /lib/x86_64-linux-gnu/libpthread-2.24.so
7f26678f4000-7f2667af4000 ---p 00018000 08:02 14680161                   /lib/x86_64-linux-gnu/libpthread-2.24.so
7f2667af4000-7f2667af5000 r--p 00018000 08:02 14680161                   /lib/x86_64-linux-gnu/libpthread-2.24.so
7f2667af5000-7f2667af6000 rw-p 00019000 08:02 14680161                   /lib/x86_64-linux-gnu/libpthread-2.24.so
7f2667af6000-7f2667afa000 rw-p 00000000 00:00 0 
7f2667afa000-7f2667b20000 r-xp 00000000 08:02 14680069                   /lib/x86_64-linux-gnu/ld-2.24.so
7f2667b20000-7f2667b21000 r--s 00000000 08:02 18481947                   /usr/work/spark/jars/javax.inject-1.jar
7f2667b21000-7f2667b22000 r--s 00009000 08:02 18483009                   /usr/work/spark/jars/hive-cli-1.2.1.spark2.jar
7f2667b22000-7f2667b28000 r--s 00028000 08:02 18482959                   /usr/work/spark/jars/curator-framework-2.6.0.jar
7f2667b28000-7f2667bfa000 rw-p 00000000 00:00 0 
7f2667bfa000-7f2667bfd000 ---p 00000000 00:00 0 
7f2667bfd000-7f2667cfd000 rw-p 00000000 00:00 0 
7f2667cfd000-7f2667cfe000 r--s 00004000 08:02 18483051                   /usr/work/spark/jars/osgi-resource-locator-1.0.1.jar
7f2667cfe000-7f2667d12000 rw-p 00000000 00:00 0 
7f2667d12000-7f2667d1a000 rw-s 00000000 08:02 6948732                    /tmp/hsperfdata_sam/20172
7f2667d1a000-7f2667d1b000 rw-p 00000000 00:00 0 
7f2667d1b000-7f2667d1c000 ---p 00000000 00:00 0 
7f2667d1c000-7f2667d1f000 rw-p 00000000 00:00 0 
7f2667d1f000-7f2667d20000 r--p 00025000 08:02 14680069                   /lib/x86_64-linux-gnu/ld-2.24.so
7f2667d20000-7f2667d21000 rw-p 00026000 08:02 14680069                   /lib/x86_64-linux-gnu/ld-2.24.so
7f2667d21000-7f2667d22000 rw-p 00000000 00:00 0 
7fff8e614000-7fff8e636000 rw-p 00000000 00:00 0                          [stack]
7fff8e6bb000-7fff8e6bd000 r--p 00000000 00:00 0                          [vvar]
7fff8e6bd000-7fff8e6bf000 r-xp 00000000 00:00 0                          [vdso]
ffffffffff600000-ffffffffff601000 r-xp 00000000 00:00 0                  [vsyscall]

VM Arguments:
jvm_args: -Dscala.usejavacp=true -Xmx1g 
java_command: org.apache.spark.deploy.SparkSubmit --master spark://sam:7077 --class org.apache.spark.repl.Main --name Spark shell --jars hbase-annotations.jar,hbase-common.jar,hbase-server.jar,hbase-client.jar,hbase-protocol.jar,hbase-hadoop2-compat.jar,zookeeper.jar,htrace-core-3.2.0-incubating.jar --packages com.databricks:spark-xml_2.11:0.4.1 spark-shell
java_class_path (initial): /usr/work/spark/conf/:/usr/work/spark/jars/parquet-jackson-1.8.2.jar:/usr/work/spark/jars/curator-framework-2.6.0.jar:/usr/work/spark/jars/osgi-resource-locator-1.0.1.jar:/usr/work/spark/jars/hive-cli-1.2.1.spark2.jar:/usr/work/spark/jars/scala-reflect-2.11.8.jar:/usr/work/spark/jars/xz-1.0.jar:/usr/work/spark/jars/jets3t-0.9.3.jar:/usr/work/spark/jars/aopalliance-1.0.jar:/usr/work/spark/jars/htrace-core-3.1.0-incubating.jar:/usr/work/spark/jars/commons-pool-1.5.4.jar:/usr/work/spark/jars/libthrift-0.9.3.jar:/usr/work/spark/jars/json4s-core_2.11-3.2.11.jar:/usr/work/spark/jars/aopalliance-repackaged-2.4.0-b34.jar:/usr/work/spark/jars/commons-lang3-3.5.jar:/usr/work/spark/jars/avro-ipc-1.7.7.jar:/usr/work/spark/jars/javax.inject-1.jar:/usr/work/spark/jars/jodd-core-3.5.2.jar:/usr/work/spark/jars/scala-parser-combinators_2.11-1.0.4.jar:/usr/work/spark/jars/hadoop-yarn-common-2.7.3.jar:/usr/work/spark/jars/javax.inject-2.4.0-b34.jar:/usr/work/spark/jars/hadoop-hdfs-2.7.3.jar:/usr/work/spark/jars/hadoop-annotations-2.7.3.jar:/usr/work/spark/jars/commons-httpclient-3.1.jar:/usr/work/spark/jars/guice-servlet-3.0.jar:/usr/work/spark/jars/antlr4-runtime-4.5.3.jar:/usr/work/spark/jars/mx4j-3.0.2.jar:/usr/work/spark/jars/java-xmlbuilder-1.0.jar:/usr/work/spark/jars/commons-collections-3.2.2.jar:/usr/work/spark/jars/jackson-jaxrs-1.9.13.jar:/usr/work/spark/jars/jaxb-api-2.2.2.jar:/usr/work/spark/jars/hadoop-common-2.7.3.jar:/usr/work/spark/jars/RoaringBitmap-0.5.11.jar:/usr/work/spark/jars/spark-streaming_2.11-2.2.0.jar:/usr/work/spark/jars/mesos-1.0.0-shaded-protobuf.jar:/usr/work/spark/jars/datanucleus-api-jdo-3.2.6.jar:/usr/work/spark/jars/JavaEWAH-0.3.2.jar:/usr/work/spark/jars/curator-client-2.6.0.jar:/usr/work/spark/jars/commons-net-2.2.jar:/usr/work/spark/jars/zookeeper-3.4.6.jar:/usr/work/spark/jars/hive-metastore-1.2.1.spark2.jar:/usr/work/spark/jars/hadoop-mapreduce-client-shuffle-2.7.3.jar:/usr/work/spark/jars/commons-io-2.4.jar:/usr/wor
Launcher Type: SUN_STANDARD

Environment Variables:
JAVA_HOME=/usr/lib/jvm/java-8-oracle
PATH=/usr/local/sbin:/usr/local/bin:/usr/sbin:/usr/bin:/sbin:/bin:/usr/games:/usr/local/games:/snap/bin:/usr/lib/jvm/java-8-oracle/bin:/usr/lib/jvm/java-8-oracle/db/bin:/usr/lib/jvm/java-8-oracle/jre/bin:/usr/lib/jvm/java-8-oracle/bin:/usr/share/sbt/bin/sbt-launch.jar/bin:/usr/work/spark/bin:/usr/work/spark/sbin:/usr/work/hadoop/sbin:/usr/work/hadoop/bin:/usr/work/hive/bin:/usr/work/hive/conf:/usr/work/pig-0.17.0/bin:/usr/work/zookeeper/bin:/usr/work/hbase/bin:/usr/work/oozie/bin:/usr/lib/jvm/java-8-oracle/bin:/usr/share/sbt/bin/sbt-launch.jar/bin:/usr/work/spark/bin:/usr/work/spark/sbin:/usr/work/hadoop/sbin:/usr/work/hadoop/bin:/usr/work/hive/bin:/usr/work/hive/conf:/usr/work/pig-0.17.0/bin:/usr/work/zookeeper/bin:/usr/work/hbase/bin:/usr/work/oozie/bin
SHELL=/bin/bash
DISPLAY=:0

Signal Handlers:
SIGSEGV: [libjvm.so+0xac8af0], sa_mask[0]=11111111011111111101111111111110, sa_flags=SA_RESTART|SA_SIGINFO
SIGBUS: [libjvm.so+0xac8af0], sa_mask[0]=11111111011111111101111111111110, sa_flags=SA_RESTART|SA_SIGINFO
SIGFPE: [libjvm.so+0x921dd0], sa_mask[0]=11111111011111111101111111111110, sa_flags=SA_RESTART|SA_SIGINFO
SIGPIPE: [libjvm.so+0x921dd0], sa_mask[0]=11111111011111111101111111111110, sa_flags=SA_RESTART|SA_SIGINFO
SIGXFSZ: [libjvm.so+0x921dd0], sa_mask[0]=11111111011111111101111111111110, sa_flags=SA_RESTART|SA_SIGINFO
SIGILL: [libjvm.so+0x921dd0], sa_mask[0]=11111111011111111101111111111110, sa_flags=SA_RESTART|SA_SIGINFO
SIGUSR1: SIG_DFL, sa_mask[0]=00000000000000000000000000000000, sa_flags=none
SIGUSR2: [libjvm.so+0x923610], sa_mask[0]=00000000000000000000000000000000, sa_flags=SA_RESTART|SA_SIGINFO
SIGHUP: [libjvm.so+0x924a10], sa_mask[0]=11111111011111111101111111111110, sa_flags=SA_RESTART|SA_SIGINFO
SIGINT: [libjvm.so+0x924a10], sa_mask[0]=11111111011111111101111111111110, sa_flags=SA_RESTART|SA_SIGINFO
SIGTERM: [libjvm.so+0x924a10], sa_mask[0]=11111111011111111101111111111110, sa_flags=SA_RESTART|SA_SIGINFO
SIGQUIT: [libjvm.so+0x924a10], sa_mask[0]=11111111011111111101111111111110, sa_flags=SA_RESTART|SA_SIGINFO


---------------  S Y S T E M  ---------------

OS:DISTRIB_ID=Ubuntu
DISTRIB_RELEASE=17.04
DISTRIB_CODENAME=zesty
DISTRIB_DESCRIPTION="Ubuntu 17.04"

uname:Linux 4.10.0-42-generic #46-Ubuntu SMP Mon Dec 4 14:38:01 UTC 2017 x86_64
libc:glibc 2.24 NPTL 2.24 
rlimit: STACK 8192k, CORE 0k, NPROC 15039, NOFILE 4096, AS infinity
load average:5.13 8.38 5.49

/proc/meminfo:
MemTotal:        3964700 kB
MemFree:          106256 kB
MemAvailable:       8696 kB
Buffers:            1836 kB
Cached:           112336 kB
SwapCached:         8912 kB
Active:          3043124 kB
Inactive:         621780 kB
Active(anon):    3033948 kB
Inactive(anon):   610432 kB
Active(file):       9176 kB
Inactive(file):    11348 kB
Unevictable:         936 kB
Mlocked:             936 kB
SwapTotal:       2097148 kB
SwapFree:             16 kB
Dirty:               180 kB
Writeback:            16 kB
AnonPages:       3542800 kB
Mapped:            16900 kB
Shmem:             93092 kB
Slab:              76584 kB
SReclaimable:      29248 kB
SUnreclaim:        47336 kB
KernelStack:       20000 kB
PageTables:        48716 kB
NFS_Unstable:          0 kB
Bounce:                0 kB
WritebackTmp:          0 kB
CommitLimit:     4079496 kB
Committed_AS:   11169292 kB
VmallocTotal:   34359738367 kB
VmallocUsed:           0 kB
VmallocChunk:          0 kB
HardwareCorrupted:     0 kB
AnonHugePages:   1478656 kB
ShmemHugePages:        0 kB
ShmemPmdMapped:        0 kB
CmaTotal:              0 kB
CmaFree:               0 kB
HugePages_Total:       0
HugePages_Free:        0
HugePages_Rsvd:        0
HugePages_Surp:        0
Hugepagesize:       2048 kB
DirectMap4k:      173824 kB
DirectMap2M:     3942400 kB
DirectMap1G:     1048576 kB


CPU:total 4 (initial active 4) (2 cores per cpu, 2 threads per core) family 6 model 69 stepping 1, cmov, cx8, fxsr, mmx, sse, sse2, sse3, ssse3, sse4.1, sse4.2, popcnt, avx, avx2, aes, clmul, erms, lzcnt, ht, tsc, tscinvbit, bmi1, bmi2

/proc/cpuinfo:
processor	: 0
vendor_id	: GenuineIntel
cpu family	: 6
model		: 69
model name	: Intel(R) Core(TM) i5-4210U CPU @ 1.70GHz
stepping	: 1
microcode	: 0x21
cpu MHz		: 1554.931
cache size	: 3072 KB
physical id	: 0
siblings	: 4
core id		: 0
cpu cores	: 2
apicid		: 0
initial apicid	: 0
fpu		: yes
fpu_exception	: yes
cpuid level	: 13
wp		: yes
flags		: fpu vme de pse tsc msr pae mce cx8 apic sep mtrr pge mca cmov pat pse36 clflush dts acpi mmx fxsr sse sse2 ss ht tm pbe syscall nx pdpe1gb rdtscp lm constant_tsc arch_perfmon pebs bts rep_good nopl xtopology nonstop_tsc aperfmperf pni pclmulqdq dtes64 monitor ds_cpl vmx est tm2 ssse3 sdbg fma cx16 xtpr pdcm pcid sse4_1 sse4_2 movbe popcnt tsc_deadline_timer aes xsave avx f16c rdrand lahf_lm abm epb tpr_shadow vnmi flexpriority ept vpid fsgsbase tsc_adjust bmi1 avx2 smep bmi2 erms invpcid xsaveopt dtherm ida arat pln pts
bugs		:
bogomips	: 4788.96
clflush size	: 64
cache_alignment	: 64
address sizes	: 39 bits physical, 48 bits virtual
power management:

processor	: 1
vendor_id	: GenuineIntel
cpu family	: 6
model		: 69
model name	: Intel(R) Core(TM) i5-4210U CPU @ 1.70GHz
stepping	: 1
microcode	: 0x21
cpu MHz		: 1792.822
cache size	: 3072 KB
physical id	: 0
siblings	: 4
core id		: 0
cpu cores	: 2
apicid		: 1
initial apicid	: 1
fpu		: yes
fpu_exception	: yes
cpuid level	: 13
wp		: yes
flags		: fpu vme de pse tsc msr pae mce cx8 apic sep mtrr pge mca cmov pat pse36 clflush dts acpi mmx fxsr sse sse2 ss ht tm pbe syscall nx pdpe1gb rdtscp lm constant_tsc arch_perfmon pebs bts rep_good nopl xtopology nonstop_tsc aperfmperf pni pclmulqdq dtes64 monitor ds_cpl vmx est tm2 ssse3 sdbg fma cx16 xtpr pdcm pcid sse4_1 sse4_2 movbe popcnt tsc_deadline_timer aes xsave avx f16c rdrand lahf_lm abm epb tpr_shadow vnmi flexpriority ept vpid fsgsbase tsc_adjust bmi1 avx2 smep bmi2 erms invpcid xsaveopt dtherm ida arat pln pts
bugs		:
bogomips	: 4788.96
clflush size	: 64
cache_alignment	: 64
address sizes	: 39 bits physical, 48 bits virtual
power management:

processor	: 2
vendor_id	: GenuineIntel
cpu family	: 6
model		: 69
model name	: Intel(R) Core(TM) i5-4210U CPU @ 1.70GHz
stepping	: 1
microcode	: 0x21
cpu MHz		: 2346.240
cache size	: 3072 KB
physical id	: 0
siblings	: 4
core id		: 1
cpu cores	: 2
apicid		: 2
initial apicid	: 2
fpu		: yes
fpu_exception	: yes
cpuid level	: 13
wp		: yes
flags		: fpu vme de pse tsc msr pae mce cx8 apic sep mtrr pge mca cmov pat pse36 clflush dts acpi mmx fxsr sse sse2 ss ht tm pbe syscall nx pdpe1gb rdtscp lm constant_tsc arch_perfmon pebs bts rep_good nopl xtopology nonstop_tsc aperfmperf pni pclmulqdq dtes64 monitor ds_cpl vmx est tm2 ssse3 sdbg fma cx16 xtpr pdcm pcid sse4_1 sse4_2 movbe popcnt tsc_deadline_timer aes xsave avx f16c rdrand lahf_lm abm epb tpr_shadow vnmi flexpriority ept vpid fsgsbase tsc_adjust bmi1 avx2 smep bmi2 erms invpcid xsaveopt dtherm ida arat pln pts
bugs		:
bogomips	: 4788.96
clflush size	: 64
cache_alignment	: 64
address sizes	: 39 bits physical, 48 bits virtual
power management:

processor	: 3
vendor_id	: GenuineIntel
cpu family	: 6
model		: 69
model name	: Intel(R) Core(TM) i5-4210U CPU @ 1.70GHz
stepping	: 1
microcode	: 0x21
cpu MHz		: 1587.744
cache size	: 3072 KB
physical id	: 0
siblings	: 4
core id		: 1
cpu cores	: 2
apicid		: 3
initial apicid	: 3
fpu		: yes
fpu_exception	: yes
cpuid level	: 13
wp		: yes
flags		: fpu vme de pse tsc msr pae mce cx8 apic sep mtrr pge mca cmov pat pse36 clflush dts acpi mmx fxsr sse sse2 ss ht tm pbe syscall nx pdpe1gb rdtscp lm constant_tsc arch_perfmon pebs bts rep_good nopl xtopology nonstop_tsc aperfmperf pni pclmulqdq dtes64 monitor ds_cpl vmx est tm2 ssse3 sdbg fma cx16 xtpr pdcm pcid sse4_1 sse4_2 movbe popcnt tsc_deadline_timer aes xsave avx f16c rdrand lahf_lm abm epb tpr_shadow vnmi flexpriority ept vpid fsgsbase tsc_adjust bmi1 avx2 smep bmi2 erms invpcid xsaveopt dtherm ida arat pln pts
bugs		:
bogomips	: 4788.96
clflush size	: 64
cache_alignment	: 64
address sizes	: 39 bits physical, 48 bits virtual
power management:



Memory: 4k page, physical 3964700k(106256k free), swap 2097148k(16k free)

vm_info: Java HotSpot(TM) 64-Bit Server VM (25.131-b11) for linux-amd64 JRE (1.8.0_131-b11), built on Mar 15 2017 01:23:40 by "java_re" with gcc 4.3.0 20080428 (Red Hat 4.3.0-8)

time: Wed Apr 11 22:02:24 2018
elapsed time: 22 seconds (0d 0h 0m 22s)

